{"C:\\Users\\russ\\Projects\\color2color\\src\\colorcolor.ts": {"path":"C:\\Users\\russ\\Projects\\color2color\\src\\colorcolor.ts","statementMap":{"0":{"start":{"line":7,"column":0},"end":{"line":7,"column":41}},"1":{"start":{"line":8,"column":0},"end":{"line":8,"column":null}},"2":{"start":{"line":20,"column":0},"end":{"line":20,"column":45}},"3":{"start":{"line":33,"column":26},"end":{"line":83,"column":1}},"4":{"start":{"line":35,"column":1},"end":{"line":35,"column":null}},"5":{"start":{"line":37,"column":22},"end":{"line":37,"column":57}},"6":{"start":{"line":38,"column":15},"end":{"line":38,"column":59}},"7":{"start":{"line":41,"column":21},"end":{"line":41,"column":23}},"8":{"start":{"line":43,"column":1},"end":{"line":80,"column":null}},"9":{"start":{"line":45,"column":3},"end":{"line":45,"column":31}},"10":{"start":{"line":46,"column":3},"end":{"line":46,"column":71}},"11":{"start":{"line":47,"column":3},"end":{"line":47,"column":9}},"12":{"start":{"line":49,"column":3},"end":{"line":49,"column":31}},"13":{"start":{"line":50,"column":3},"end":{"line":50,"column":87}},"14":{"start":{"line":51,"column":3},"end":{"line":51,"column":9}},"15":{"start":{"line":53,"column":3},"end":{"line":53,"column":30}},"16":{"start":{"line":54,"column":3},"end":{"line":54,"column":81}},"17":{"start":{"line":55,"column":3},"end":{"line":55,"column":9}},"18":{"start":{"line":57,"column":3},"end":{"line":57,"column":31}},"19":{"start":{"line":58,"column":3},"end":{"line":58,"column":81}},"20":{"start":{"line":59,"column":3},"end":{"line":59,"column":9}},"21":{"start":{"line":61,"column":3},"end":{"line":61,"column":31}},"22":{"start":{"line":62,"column":3},"end":{"line":62,"column":100}},"23":{"start":{"line":63,"column":3},"end":{"line":63,"column":9}},"24":{"start":{"line":65,"column":3},"end":{"line":65,"column":30}},"25":{"start":{"line":66,"column":3},"end":{"line":66,"column":81}},"26":{"start":{"line":67,"column":3},"end":{"line":67,"column":9}},"27":{"start":{"line":69,"column":3},"end":{"line":69,"column":30}},"28":{"start":{"line":70,"column":3},"end":{"line":70,"column":98}},"29":{"start":{"line":71,"column":3},"end":{"line":71,"column":9}},"30":{"start":{"line":73,"column":3},"end":{"line":73,"column":31}},"31":{"start":{"line":74,"column":3},"end":{"line":74,"column":79}},"32":{"start":{"line":75,"column":3},"end":{"line":75,"column":9}},"33":{"start":{"line":77,"column":3},"end":{"line":77,"column":31}},"34":{"start":{"line":78,"column":3},"end":{"line":78,"column":98}},"35":{"start":{"line":79,"column":3},"end":{"line":79,"column":9}},"36":{"start":{"line":82,"column":1},"end":{"line":82,"column":22}},"37":{"start":{"line":33,"column":13},"end":{"line":33,"column":26}},"38":{"start":{"line":96,"column":25},"end":{"line":142,"column":1}},"39":{"start":{"line":98,"column":1},"end":{"line":98,"column":null}},"40":{"start":{"line":100,"column":30},"end":{"line":100,"column":55}},"41":{"start":{"line":102,"column":30},"end":{"line":102,"column":57}},"42":{"start":{"line":104,"column":21},"end":{"line":105,"column":null}},"43":{"start":{"line":107,"column":1},"end":{"line":109,"column":null}},"44":{"start":{"line":108,"column":2},"end":{"line":108,"column":38}},"45":{"start":{"line":111,"column":30},"end":{"line":111,"column":68}},"46":{"start":{"line":113,"column":1},"end":{"line":139,"column":null}},"47":{"start":{"line":114,"column":2},"end":{"line":138,"column":null}},"48":{"start":{"line":115,"column":20},"end":{"line":115,"column":72}},"49":{"start":{"line":116,"column":21},"end":{"line":116,"column":70}},"50":{"start":{"line":117,"column":16},"end":{"line":117,"column":56}},"51":{"start":{"line":119,"column":3},"end":{"line":137,"column":null}},"52":{"start":{"line":121,"column":27},"end":{"line":121,"column":51}},"53":{"start":{"line":123,"column":4},"end":{"line":136,"column":null}},"54":{"start":{"line":130,"column":27},"end":{"line":132,"column":null}},"55":{"start":{"line":135,"column":5},"end":{"line":135,"column":52}},"56":{"start":{"line":141,"column":1},"end":{"line":141,"column":19}}},"fnMap":{"0":{"name":"(anonymous_1)","decl":{"start":{"line":33,"column":26},"end":{"line":33,"column":null}},"loc":{"start":{"line":35,"column":40},"end":{"line":83,"column":1}}},"1":{"name":"(anonymous_2)","decl":{"start":{"line":96,"column":25},"end":{"line":96,"column":null}},"loc":{"start":{"line":98,"column":40},"end":{"line":142,"column":1}}}},"branchMap":{"0":{"loc":{"start":{"line":35,"column":1},"end":{"line":35,"column":null}},"type":"if","locations":[{"start":{"line":35,"column":1},"end":{"line":35,"column":null}}]},"1":{"loc":{"start":{"line":37,"column":22},"end":{"line":37,"column":57}},"type":"binary-expr","locations":[{"start":{"line":37,"column":22},"end":{"line":37,"column":47}},{"start":{"line":37,"column":51},"end":{"line":37,"column":57}}]},"2":{"loc":{"start":{"line":43,"column":1},"end":{"line":80,"column":null}},"type":"switch","locations":[{"start":{"line":44,"column":2},"end":{"line":47,"column":9}},{"start":{"line":48,"column":2},"end":{"line":51,"column":9}},{"start":{"line":52,"column":2},"end":{"line":55,"column":9}},{"start":{"line":56,"column":2},"end":{"line":59,"column":9}},{"start":{"line":60,"column":2},"end":{"line":63,"column":9}},{"start":{"line":64,"column":2},"end":{"line":67,"column":9}},{"start":{"line":68,"column":2},"end":{"line":71,"column":9}},{"start":{"line":72,"column":2},"end":{"line":75,"column":9}},{"start":{"line":76,"column":2},"end":{"line":79,"column":9}}]},"3":{"loc":{"start":{"line":98,"column":1},"end":{"line":98,"column":null}},"type":"if","locations":[{"start":{"line":98,"column":1},"end":{"line":98,"column":null}}]},"4":{"loc":{"start":{"line":107,"column":1},"end":{"line":109,"column":null}},"type":"if","locations":[{"start":{"line":107,"column":1},"end":{"line":109,"column":null}}]},"5":{"loc":{"start":{"line":114,"column":2},"end":{"line":138,"column":null}},"type":"if","locations":[{"start":{"line":114,"column":2},"end":{"line":138,"column":null}}]},"6":{"loc":{"start":{"line":119,"column":3},"end":{"line":137,"column":null}},"type":"if","locations":[{"start":{"line":119,"column":3},"end":{"line":137,"column":null}}]},"7":{"loc":{"start":{"line":123,"column":4},"end":{"line":136,"column":null}},"type":"if","locations":[{"start":{"line":123,"column":4},"end":{"line":136,"column":null}}]},"8":{"loc":{"start":{"line":124,"column":5},"end":{"line":127,"column":null}},"type":"binary-expr","locations":[{"start":{"line":124,"column":5},"end":{"line":124,"column":24}},{"start":{"line":125,"column":5},"end":{"line":127,"column":null}}]}},"s":{"0":1,"1":1,"2":1,"3":1,"4":143,"5":130,"6":130,"7":130,"8":130,"9":13,"10":13,"11":13,"12":13,"13":13,"14":13,"15":13,"16":13,"17":13,"18":13,"19":13,"20":13,"21":13,"22":13,"23":13,"24":13,"25":13,"26":13,"27":13,"28":13,"29":13,"30":13,"31":13,"32":13,"33":26,"34":26,"35":26,"36":130,"37":1,"38":1,"39":130,"40":130,"41":130,"42":130,"43":130,"44":10,"45":130,"46":130,"47":1430,"48":1430,"49":1430,"50":1430,"51":1430,"52":130,"53":130,"54":130,"55":130,"56":130},"f":{"0":130,"1":130},"b":{"0":[13],"1":[130,0],"2":[13,13,13,13,13,13,13,13,26],"3":[0],"4":[10],"5":[1430],"6":[130],"7":[130],"8":[130,130]}}
,"C:\\Users\\russ\\Projects\\color2color\\src\\colors.ts": {"path":"C:\\Users\\russ\\Projects\\color2color\\src\\colors.ts","statementMap":{"0":{"start":{"line":92,"column":0},"end":{"line":92,"column":null}},"1":{"start":{"line":93,"column":1},"end":{"line":93,"column":null}},"2":{"start":{"line":94,"column":1},"end":{"line":94,"column":null}},"3":{"start":{"line":95,"column":1},"end":{"line":95,"column":null}},"4":{"start":{"line":96,"column":1},"end":{"line":96,"column":null}},"5":{"start":{"line":97,"column":1},"end":{"line":97,"column":null}},"6":{"start":{"line":98,"column":1},"end":{"line":98,"column":null}},"7":{"start":{"line":99,"column":1},"end":{"line":99,"column":null}},"8":{"start":{"line":100,"column":1},"end":{"line":100,"column":null}},"9":{"start":{"line":101,"column":1},"end":{"line":101,"column":null}},"10":{"start":{"line":107,"column":0},"end":{"line":107,"column":null}},"11":{"start":{"line":108,"column":1},"end":{"line":108,"column":null}},"12":{"start":{"line":109,"column":1},"end":{"line":109,"column":null}}},"fnMap":{"0":{"name":"(anonymous_0)","decl":{"start":{"line":92,"column":0},"end":{"line":92,"column":12}},"loc":{"start":{"line":92,"column":21},"end":{"line":102,"column":1}}},"1":{"name":"(anonymous_1)","decl":{"start":{"line":107,"column":0},"end":{"line":107,"column":12}},"loc":{"start":{"line":107,"column":31},"end":{"line":110,"column":1}}}},"branchMap":{"0":{"loc":{"start":{"line":92,"column":12},"end":{"line":92,"column":null}},"type":"binary-expr","locations":[{"start":{"line":92,"column":12},"end":{"line":92,"column":21}},{"start":{"line":92,"column":12},"end":{"line":92,"column":null}}]},"1":{"loc":{"start":{"line":107,"column":12},"end":{"line":107,"column":null}},"type":"binary-expr","locations":[{"start":{"line":107,"column":12},"end":{"line":107,"column":31}},{"start":{"line":107,"column":12},"end":{"line":107,"column":null}}]}},"s":{"0":1,"1":1,"2":1,"3":1,"4":1,"5":1,"6":1,"7":1,"8":1,"9":1,"10":1,"11":1,"12":1},"f":{"0":1,"1":1},"b":{"0":[1,1],"1":[1,1]}}
,"C:\\Users\\russ\\Projects\\color2color\\src\\detectors.ts": {"path":"C:\\Users\\russ\\Projects\\color2color\\src\\detectors.ts","statementMap":{"0":{"start":{"line":9,"column":0},"end":{"line":9,"column":43}},"1":{"start":{"line":10,"column":0},"end":{"line":10,"column":null}},"2":{"start":{"line":37,"column":20},"end":{"line":38,"column":5}},"3":{"start":{"line":38,"column":1},"end":{"line":38,"column":33}},"4":{"start":{"line":40,"column":20},"end":{"line":40,"column":42}},"5":{"start":{"line":40,"column":41},"end":{"line":45,"column":3}},"6":{"start":{"line":47,"column":20},"end":{"line":47,"column":42}},"7":{"start":{"line":47,"column":41},"end":{"line":52,"column":3}},"8":{"start":{"line":65,"column":13},"end":{"line":389,"column":2}},"9":{"start":{"line":79,"column":23},"end":{"line":84,"column":null}},"10":{"start":{"line":100,"column":23},"end":{"line":111,"column":null}},"11":{"start":{"line":127,"column":23},"end":{"line":132,"column":null}},"12":{"start":{"line":148,"column":23},"end":{"line":161,"column":null}},"13":{"start":{"line":176,"column":31},"end":{"line":180,"column":null}},"14":{"start":{"line":181,"column":23},"end":{"line":190,"column":null}},"15":{"start":{"line":205,"column":33},"end":{"line":210,"column":null}},"16":{"start":{"line":211,"column":23},"end":{"line":220,"column":null}},"17":{"start":{"line":235,"column":33},"end":{"line":240,"column":null}},"18":{"start":{"line":241,"column":23},"end":{"line":254,"column":null}},"19":{"start":{"line":269,"column":31},"end":{"line":273,"column":null}},"20":{"start":{"line":274,"column":23},"end":{"line":283,"column":null}},"21":{"start":{"line":298,"column":31},"end":{"line":303,"column":null}},"22":{"start":{"line":304,"column":23},"end":{"line":319,"column":null}},"23":{"start":{"line":336,"column":25},"end":{"line":342,"column":23}},"24":{"start":{"line":338,"column":5},"end":{"line":340,"column":null}},"25":{"start":{"line":342,"column":18},"end":{"line":342,"column":23}},"26":{"start":{"line":344,"column":3},"end":{"line":349,"column":5}},"27":{"start":{"line":367,"column":25},"end":{"line":373,"column":23}},"28":{"start":{"line":369,"column":5},"end":{"line":371,"column":null}},"29":{"start":{"line":373,"column":18},"end":{"line":373,"column":23}},"30":{"start":{"line":375,"column":3},"end":{"line":384,"column":5}}},"fnMap":{"0":{"name":"(anonymous_6)","decl":{"start":{"line":37,"column":20},"end":{"line":37,"column":21}},"loc":{"start":{"line":37,"column":43},"end":{"line":38,"column":5}}},"1":{"name":"(anonymous_7)","decl":{"start":{"line":40,"column":20},"end":{"line":40,"column":21}},"loc":{"start":{"line":40,"column":30},"end":{"line":40,"column":42}}},"2":{"name":"(anonymous_8)","decl":{"start":{"line":47,"column":20},"end":{"line":47,"column":21}},"loc":{"start":{"line":47,"column":30},"end":{"line":47,"column":42}}},"3":{"name":"(anonymous_9)","decl":{"start":{"line":79,"column":13},"end":{"line":79,"column":14}},"loc":{"start":{"line":79,"column":18},"end":{"line":79,"column":null}}},"4":{"name":"(anonymous_10)","decl":{"start":{"line":100,"column":13},"end":{"line":100,"column":14}},"loc":{"start":{"line":100,"column":18},"end":{"line":100,"column":null}}},"5":{"name":"(anonymous_11)","decl":{"start":{"line":127,"column":13},"end":{"line":127,"column":14}},"loc":{"start":{"line":127,"column":18},"end":{"line":127,"column":null}}},"6":{"name":"(anonymous_12)","decl":{"start":{"line":148,"column":13},"end":{"line":148,"column":14}},"loc":{"start":{"line":148,"column":18},"end":{"line":148,"column":null}}},"7":{"name":"(anonymous_13)","decl":{"start":{"line":176,"column":12},"end":{"line":176,"column":13}},"loc":{"start":{"line":176,"column":21},"end":{"line":176,"column":32}}},"8":{"name":"(anonymous_14)","decl":{"start":{"line":181,"column":13},"end":{"line":181,"column":14}},"loc":{"start":{"line":181,"column":18},"end":{"line":181,"column":null}}},"9":{"name":"(anonymous_15)","decl":{"start":{"line":205,"column":12},"end":{"line":205,"column":13}},"loc":{"start":{"line":205,"column":22},"end":{"line":205,"column":34}}},"10":{"name":"(anonymous_16)","decl":{"start":{"line":211,"column":13},"end":{"line":211,"column":14}},"loc":{"start":{"line":211,"column":18},"end":{"line":211,"column":null}}},"11":{"name":"(anonymous_17)","decl":{"start":{"line":235,"column":12},"end":{"line":235,"column":13}},"loc":{"start":{"line":235,"column":22},"end":{"line":235,"column":34}}},"12":{"name":"(anonymous_18)","decl":{"start":{"line":241,"column":13},"end":{"line":241,"column":14}},"loc":{"start":{"line":241,"column":18},"end":{"line":241,"column":null}}},"13":{"name":"(anonymous_19)","decl":{"start":{"line":269,"column":12},"end":{"line":269,"column":13}},"loc":{"start":{"line":269,"column":21},"end":{"line":269,"column":32}}},"14":{"name":"(anonymous_20)","decl":{"start":{"line":274,"column":13},"end":{"line":274,"column":14}},"loc":{"start":{"line":274,"column":18},"end":{"line":274,"column":null}}},"15":{"name":"(anonymous_21)","decl":{"start":{"line":298,"column":12},"end":{"line":298,"column":13}},"loc":{"start":{"line":298,"column":21},"end":{"line":298,"column":32}}},"16":{"name":"(anonymous_22)","decl":{"start":{"line":304,"column":13},"end":{"line":304,"column":14}},"loc":{"start":{"line":304,"column":18},"end":{"line":304,"column":null}}},"17":{"name":"(anonymous_23)","decl":{"start":{"line":335,"column":13},"end":{"line":335,"column":14}},"loc":{"start":{"line":335,"column":18},"end":{"line":350,"column":3}}},"18":{"name":"(anonymous_24)","decl":{"start":{"line":337,"column":9},"end":{"line":337,"column":10}},"loc":{"start":{"line":337,"column":13},"end":{"line":338,"column":8}}},"19":{"name":"(anonymous_25)","decl":{"start":{"line":342,"column":9},"end":{"line":342,"column":10}},"loc":{"start":{"line":342,"column":13},"end":{"line":342,"column":19}}},"20":{"name":"(anonymous_26)","decl":{"start":{"line":366,"column":13},"end":{"line":366,"column":14}},"loc":{"start":{"line":366,"column":18},"end":{"line":385,"column":3}}},"21":{"name":"(anonymous_27)","decl":{"start":{"line":368,"column":9},"end":{"line":368,"column":10}},"loc":{"start":{"line":368,"column":13},"end":{"line":369,"column":8}}},"22":{"name":"(anonymous_28)","decl":{"start":{"line":373,"column":9},"end":{"line":373,"column":10}},"loc":{"start":{"line":373,"column":13},"end":{"line":373,"column":19}}}},"branchMap":{"0":{"loc":{"start":{"line":250,"column":4},"end":{"line":252,"column":24}},"type":"cond-expr","locations":[{"start":{"line":251,"column":7},"end":{"line":251,"column":62}},{"start":{"line":252,"column":7},"end":{"line":252,"column":24}}]},"1":{"loc":{"start":{"line":312,"column":3},"end":{"line":318,"column":20}},"type":"cond-expr","locations":[{"start":{"line":313,"column":6},"end":{"line":317,"column":28}},{"start":{"line":318,"column":6},"end":{"line":318,"column":20}}]},"2":{"loc":{"start":{"line":314,"column":6},"end":{"line":316,"column":26}},"type":"cond-expr","locations":[{"start":{"line":315,"column":9},"end":{"line":315,"column":64}},{"start":{"line":316,"column":9},"end":{"line":316,"column":26}}]},"3":{"loc":{"start":{"line":338,"column":5},"end":{"line":340,"column":11}},"type":"cond-expr","locations":[{"start":{"line":339,"column":8},"end":{"line":339,"column":57}},{"start":{"line":340,"column":8},"end":{"line":340,"column":11}}]},"4":{"loc":{"start":{"line":369,"column":5},"end":{"line":371,"column":11}},"type":"cond-expr","locations":[{"start":{"line":370,"column":8},"end":{"line":370,"column":50}},{"start":{"line":371,"column":8},"end":{"line":371,"column":11}}]},"5":{"loc":{"start":{"line":380,"column":5},"end":{"line":382,"column":52}},"type":"cond-expr","locations":[{"start":{"line":381,"column":8},"end":{"line":381,"column":25}},{"start":{"line":382,"column":8},"end":{"line":382,"column":52}}]}},"s":{"0":2,"1":2,"2":2,"3":368,"4":2,"5":27,"6":2,"7":40,"8":2,"9":21,"10":11,"11":11,"12":11,"13":14,"14":13,"15":14,"16":14,"17":14,"18":14,"19":14,"20":13,"21":14,"22":26,"23":15,"24":60,"25":60,"26":15,"27":15,"28":75,"29":75,"30":15},"f":{"0":368,"1":27,"2":40,"3":21,"4":11,"5":11,"6":11,"7":14,"8":13,"9":14,"10":14,"11":14,"12":14,"13":14,"14":13,"15":14,"16":26,"17":15,"18":60,"19":60,"20":15,"21":75,"22":75},"b":{"0":[3,11],"1":[13,13],"2":[2,11],"3":[33,27],"4":[34,41],"5":[14,1]}}
,"C:\\Users\\russ\\Projects\\color2color\\src\\utilities.ts": {"path":"C:\\Users\\russ\\Projects\\color2color\\src\\utilities.ts","statementMap":{"0":{"start":{"line":8,"column":19},"end":{"line":8,"column":20}},"1":{"start":{"line":9,"column":23},"end":{"line":9,"column":24}},"2":{"start":{"line":10,"column":24},"end":{"line":10,"column":27}},"3":{"start":{"line":11,"column":25},"end":{"line":11,"column":28}},"4":{"start":{"line":12,"column":17},"end":{"line":12,"column":19}},"5":{"start":{"line":13,"column":24},"end":{"line":13,"column":25}},"6":{"start":{"line":14,"column":19},"end":{"line":14,"column":20}},"7":{"start":{"line":17,"column":13},"end":{"line":17,"column":28}},"8":{"start":{"line":20,"column":13},"end":{"line":20,"column":32}},"9":{"start":{"line":23,"column":13},"end":{"line":23,"column":27}},"10":{"start":{"line":26,"column":13},"end":{"line":26,"column":33}},"11":{"start":{"line":29,"column":13},"end":{"line":29,"column":32}},"12":{"start":{"line":32,"column":13},"end":{"line":32,"column":35}},"13":{"start":{"line":35,"column":13},"end":{"line":35,"column":28}},"14":{"start":{"line":38,"column":13},"end":{"line":38,"column":26}},"15":{"start":{"line":41,"column":13},"end":{"line":41,"column":32}},"16":{"start":{"line":44,"column":13},"end":{"line":44,"column":31}},"17":{"start":{"line":47,"column":13},"end":{"line":47,"column":32}},"18":{"start":{"line":50,"column":13},"end":{"line":50,"column":30}},"19":{"start":{"line":53,"column":13},"end":{"line":53,"column":33}},"20":{"start":{"line":56,"column":13},"end":{"line":56,"column":26}},"21":{"start":{"line":59,"column":13},"end":{"line":59,"column":26}},"22":{"start":{"line":62,"column":13},"end":{"line":62,"column":26}},"23":{"start":{"line":65,"column":13},"end":{"line":65,"column":33}},"24":{"start":{"line":68,"column":13},"end":{"line":68,"column":28}},"25":{"start":{"line":71,"column":13},"end":{"line":71,"column":32}},"26":{"start":{"line":81,"column":30},"end":{"line":82,"column":5}},"27":{"start":{"line":82,"column":1},"end":{"line":82,"column":46}},"28":{"start":{"line":81,"column":13},"end":{"line":81,"column":30}},"29":{"start":{"line":95,"column":21},"end":{"line":96,"column":5}},"30":{"start":{"line":96,"column":1},"end":{"line":96,"column":33}},"31":{"start":{"line":95,"column":13},"end":{"line":95,"column":21}},"32":{"start":{"line":107,"column":26},"end":{"line":108,"column":6}},"33":{"start":{"line":108,"column":1},"end":{"line":108,"column":37}},"34":{"start":{"line":107,"column":13},"end":{"line":107,"column":26}},"35":{"start":{"line":119,"column":28},"end":{"line":120,"column":6}},"36":{"start":{"line":120,"column":1},"end":{"line":120,"column":34}},"37":{"start":{"line":119,"column":13},"end":{"line":119,"column":28}},"38":{"start":{"line":131,"column":33},"end":{"line":132,"column":6}},"39":{"start":{"line":132,"column":1},"end":{"line":132,"column":39}},"40":{"start":{"line":131,"column":13},"end":{"line":131,"column":33}},"41":{"start":{"line":142,"column":27},"end":{"line":142,"column":60}},"42":{"start":{"line":142,"column":52},"end":{"line":142,"column":76}},"43":{"start":{"line":142,"column":13},"end":{"line":142,"column":27}},"44":{"start":{"line":155,"column":24},"end":{"line":167,"column":1}},"45":{"start":{"line":161,"column":11},"end":{"line":161,"column":37}},"46":{"start":{"line":162,"column":11},"end":{"line":162,"column":58}},"47":{"start":{"line":164,"column":1},"end":{"line":166,"column":3}},"48":{"start":{"line":155,"column":13},"end":{"line":155,"column":24}},"49":{"start":{"line":178,"column":27},"end":{"line":181,"column":23}},"50":{"start":{"line":180,"column":1},"end":{"line":180,"column":null}},"51":{"start":{"line":181,"column":13},"end":{"line":181,"column":34}},"52":{"start":{"line":178,"column":13},"end":{"line":178,"column":27}},"53":{"start":{"line":191,"column":27},"end":{"line":192,"column":5}},"54":{"start":{"line":192,"column":1},"end":{"line":192,"column":64}},"55":{"start":{"line":191,"column":13},"end":{"line":191,"column":27}},"56":{"start":{"line":205,"column":25},"end":{"line":235,"column":1}},"57":{"start":{"line":206,"column":15},"end":{"line":206,"column":68}},"58":{"start":{"line":207,"column":16},"end":{"line":207,"column":17}},"59":{"start":{"line":209,"column":1},"end":{"line":227,"column":null}},"60":{"start":{"line":210,"column":22},"end":{"line":210,"column":39}},"61":{"start":{"line":211,"column":20},"end":{"line":211,"column":65}},"62":{"start":{"line":213,"column":2},"end":{"line":226,"column":null}},"63":{"start":{"line":215,"column":4},"end":{"line":215,"column":28}},"64":{"start":{"line":216,"column":4},"end":{"line":216,"column":10}},"65":{"start":{"line":218,"column":4},"end":{"line":218,"column":67}},"66":{"start":{"line":219,"column":4},"end":{"line":219,"column":10}},"67":{"start":{"line":221,"column":4},"end":{"line":221,"column":58}},"68":{"start":{"line":222,"column":4},"end":{"line":222,"column":10}},"69":{"start":{"line":224,"column":4},"end":{"line":224,"column":46}},"70":{"start":{"line":225,"column":4},"end":{"line":225,"column":10}},"71":{"start":{"line":230,"column":1},"end":{"line":232,"column":null}},"72":{"start":{"line":231,"column":2},"end":{"line":231,"column":30}},"73":{"start":{"line":234,"column":1},"end":{"line":234,"column":42}},"74":{"start":{"line":205,"column":13},"end":{"line":205,"column":25}},"75":{"start":{"line":246,"column":25},"end":{"line":247,"column":2}},"76":{"start":{"line":247,"column":1},"end":{"line":247,"column":42}},"77":{"start":{"line":246,"column":13},"end":{"line":246,"column":25}}},"fnMap":{"0":{"name":"(anonymous_0)","decl":{"start":{"line":81,"column":30},"end":{"line":81,"column":31}},"loc":{"start":{"line":81,"column":43},"end":{"line":82,"column":5}}},"1":{"name":"(anonymous_1)","decl":{"start":{"line":95,"column":21},"end":{"line":95,"column":22}},"loc":{"start":{"line":95,"column":57},"end":{"line":96,"column":5}}},"2":{"name":"(anonymous_2)","decl":{"start":{"line":107,"column":26},"end":{"line":107,"column":27}},"loc":{"start":{"line":107,"column":36},"end":{"line":108,"column":6}}},"3":{"name":"(anonymous_3)","decl":{"start":{"line":119,"column":28},"end":{"line":119,"column":29}},"loc":{"start":{"line":119,"column":38},"end":{"line":120,"column":6}}},"4":{"name":"(anonymous_4)","decl":{"start":{"line":131,"column":33},"end":{"line":131,"column":34}},"loc":{"start":{"line":131,"column":43},"end":{"line":132,"column":6}}},"5":{"name":"(anonymous_5)","decl":{"start":{"line":142,"column":27},"end":{"line":142,"column":28}},"loc":{"start":{"line":142,"column":39},"end":{"line":142,"column":60}}},"6":{"name":"(anonymous_6)","decl":{"start":{"line":155,"column":24},"end":{"line":155,"column":null}},"loc":{"start":{"line":159,"column":18},"end":{"line":167,"column":1}}},"7":{"name":"(anonymous_7)","decl":{"start":{"line":178,"column":27},"end":{"line":178,"column":null}},"loc":{"start":{"line":180,"column":32},"end":{"line":181,"column":23}}},"8":{"name":"(anonymous_8)","decl":{"start":{"line":191,"column":27},"end":{"line":191,"column":28}},"loc":{"start":{"line":191,"column":37},"end":{"line":192,"column":5}}},"9":{"name":"(anonymous_9)","decl":{"start":{"line":205,"column":25},"end":{"line":205,"column":26}},"loc":{"start":{"line":205,"column":39},"end":{"line":235,"column":1}}},"10":{"name":"(anonymous_10)","decl":{"start":{"line":246,"column":25},"end":{"line":246,"column":26}},"loc":{"start":{"line":246,"column":55},"end":{"line":247,"column":2}}}},"branchMap":{"0":{"loc":{"start":{"line":180,"column":1},"end":{"line":180,"column":null}},"type":"if","locations":[{"start":{"line":180,"column":1},"end":{"line":180,"column":null}}]},"1":{"loc":{"start":{"line":209,"column":1},"end":{"line":227,"column":null}},"type":"if","locations":[{"start":{"line":209,"column":1},"end":{"line":227,"column":null}}]},"2":{"loc":{"start":{"line":209,"column":5},"end":{"line":209,"column":30}},"type":"binary-expr","locations":[{"start":{"line":209,"column":5},"end":{"line":209,"column":10}},{"start":{"line":209,"column":14},"end":{"line":209,"column":30}}]},"3":{"loc":{"start":{"line":211,"column":20},"end":{"line":211,"column":65}},"type":"cond-expr","locations":[{"start":{"line":211,"column":56},"end":{"line":211,"column":60}},{"start":{"line":211,"column":60},"end":{"line":211,"column":65}}]},"4":{"loc":{"start":{"line":211,"column":20},"end":{"line":211,"column":60}},"type":"binary-expr","locations":[{"start":{"line":211,"column":20},"end":{"line":211,"column":60}},{"start":{"line":211,"column":56},"end":{"line":211,"column":60}}]},"5":{"loc":{"start":{"line":211,"column":20},"end":{"line":211,"column":56}},"type":"cond-expr","locations":[{"start":{"line":211,"column":41},"end":{"line":211,"column":43}},{"start":{"line":211,"column":41},"end":{"line":211,"column":56}}]},"6":{"loc":{"start":{"line":211,"column":20},"end":{"line":211,"column":43}},"type":"binary-expr","locations":[{"start":{"line":211,"column":20},"end":{"line":211,"column":43}},{"start":{"line":211,"column":41},"end":{"line":211,"column":43}}]},"7":{"loc":{"start":{"line":213,"column":2},"end":{"line":226,"column":null}},"type":"switch","locations":[{"start":{"line":214,"column":3},"end":{"line":216,"column":10}},{"start":{"line":217,"column":3},"end":{"line":219,"column":10}},{"start":{"line":220,"column":3},"end":{"line":222,"column":10}},{"start":{"line":223,"column":3},"end":{"line":225,"column":10}}]}},"s":{"0":9,"1":9,"2":9,"3":9,"4":9,"5":9,"6":9,"7":9,"8":9,"9":9,"10":9,"11":9,"12":9,"13":9,"14":9,"15":9,"16":9,"17":9,"18":9,"19":9,"20":9,"21":9,"22":9,"23":9,"24":9,"25":9,"26":9,"27":4,"28":9,"29":9,"30":549,"31":9,"32":9,"33":83,"34":9,"35":9,"36":168,"37":9,"38":9,"39":292,"40":9,"41":9,"42":186,"43":9,"44":9,"45":128,"46":128,"47":128,"48":9,"49":9,"50":443,"51":441,"52":9,"53":9,"54":112,"55":9,"56":9,"57":232,"58":232,"59":232,"60":232,"61":232,"62":232,"63":198,"64":198,"65":3,"66":3,"67":9,"68":9,"69":22,"70":22,"71":232,"72":15,"73":232,"74":9,"75":9,"76":323,"77":9},"f":{"0":4,"1":549,"2":83,"3":168,"4":292,"5":186,"6":128,"7":441,"8":112,"9":232,"10":323},"b":{"0":[2],"1":[232],"2":[232,232],"3":[38,194],"4":[232,232],"5":[194,38],"6":[232,232],"7":[198,3,9,22]}}
,"C:\\Users\\russ\\Projects\\color2color\\src\\converters\\hex.ts": {"path":"C:\\Users\\russ\\Projects\\color2color\\src\\converters\\hex.ts","statementMap":{"0":{"start":{"line":8,"column":0},"end":{"line":8,"column":63}},"1":{"start":{"line":9,"column":0},"end":{"line":9,"column":46}},"2":{"start":{"line":21,"column":24},"end":{"line":26,"column":21}},"3":{"start":{"line":21,"column":27},"end":{"line":21,"column":29}},"4":{"start":{"line":21,"column":30},"end":{"line":21,"column":32}},"5":{"start":{"line":21,"column":33},"end":{"line":21,"column":35}},"6":{"start":{"line":21,"column":35},"end":{"line":21,"column":36}},"7":{"start":{"line":21,"column":36},"end":{"line":21,"column":null}},"8":{"start":{"line":26,"column":12},"end":{"line":26,"column":36}},"9":{"start":{"line":21,"column":13},"end":{"line":21,"column":24}},"10":{"start":{"line":37,"column":25},"end":{"line":42,"column":13}},"11":{"start":{"line":37,"column":28},"end":{"line":37,"column":30}},"12":{"start":{"line":37,"column":31},"end":{"line":37,"column":33}},"13":{"start":{"line":37,"column":34},"end":{"line":37,"column":36}},"14":{"start":{"line":37,"column":36},"end":{"line":37,"column":37}},"15":{"start":{"line":37,"column":37},"end":{"line":37,"column":null}},"16":{"start":{"line":42,"column":12},"end":{"line":47,"column":3}},"17":{"start":{"line":37,"column":13},"end":{"line":37,"column":25}},"18":{"start":{"line":57,"column":24},"end":{"line":58,"column":9}},"19":{"start":{"line":57,"column":27},"end":{"line":57,"column":29}},"20":{"start":{"line":57,"column":30},"end":{"line":57,"column":32}},"21":{"start":{"line":57,"column":33},"end":{"line":57,"column":60}},"22":{"start":{"line":58,"column":1},"end":{"line":58,"column":21}},"23":{"start":{"line":57,"column":13},"end":{"line":57,"column":24}},"24":{"start":{"line":69,"column":24},"end":{"line":74,"column":21}},"25":{"start":{"line":69,"column":27},"end":{"line":69,"column":29}},"26":{"start":{"line":69,"column":30},"end":{"line":69,"column":32}},"27":{"start":{"line":69,"column":33},"end":{"line":69,"column":35}},"28":{"start":{"line":69,"column":35},"end":{"line":69,"column":36}},"29":{"start":{"line":69,"column":36},"end":{"line":69,"column":null}},"30":{"start":{"line":74,"column":12},"end":{"line":74,"column":36}},"31":{"start":{"line":69,"column":13},"end":{"line":69,"column":24}},"32":{"start":{"line":85,"column":25},"end":{"line":90,"column":20}},"33":{"start":{"line":85,"column":28},"end":{"line":85,"column":30}},"34":{"start":{"line":85,"column":31},"end":{"line":85,"column":33}},"35":{"start":{"line":85,"column":34},"end":{"line":85,"column":36}},"36":{"start":{"line":85,"column":36},"end":{"line":85,"column":37}},"37":{"start":{"line":85,"column":37},"end":{"line":85,"column":null}},"38":{"start":{"line":90,"column":12},"end":{"line":90,"column":35}},"39":{"start":{"line":85,"column":13},"end":{"line":85,"column":25}},"40":{"start":{"line":100,"column":24},"end":{"line":101,"column":9}},"41":{"start":{"line":100,"column":27},"end":{"line":100,"column":29}},"42":{"start":{"line":100,"column":30},"end":{"line":100,"column":32}},"43":{"start":{"line":100,"column":33},"end":{"line":100,"column":60}},"44":{"start":{"line":101,"column":1},"end":{"line":101,"column":21}},"45":{"start":{"line":100,"column":13},"end":{"line":100,"column":24}},"46":{"start":{"line":112,"column":24},"end":{"line":117,"column":19}},"47":{"start":{"line":112,"column":27},"end":{"line":112,"column":29}},"48":{"start":{"line":112,"column":30},"end":{"line":112,"column":32}},"49":{"start":{"line":112,"column":33},"end":{"line":112,"column":35}},"50":{"start":{"line":112,"column":35},"end":{"line":112,"column":36}},"51":{"start":{"line":112,"column":36},"end":{"line":112,"column":null}},"52":{"start":{"line":117,"column":11},"end":{"line":117,"column":34}},"53":{"start":{"line":112,"column":13},"end":{"line":112,"column":24}},"54":{"start":{"line":127,"column":24},"end":{"line":132,"column":21}},"55":{"start":{"line":127,"column":27},"end":{"line":127,"column":29}},"56":{"start":{"line":127,"column":30},"end":{"line":127,"column":32}},"57":{"start":{"line":127,"column":33},"end":{"line":127,"column":35}},"58":{"start":{"line":127,"column":35},"end":{"line":127,"column":36}},"59":{"start":{"line":127,"column":36},"end":{"line":127,"column":null}},"60":{"start":{"line":132,"column":12},"end":{"line":132,"column":36}},"61":{"start":{"line":127,"column":13},"end":{"line":127,"column":24}},"62":{"start":{"line":142,"column":25},"end":{"line":147,"column":13}},"63":{"start":{"line":142,"column":28},"end":{"line":142,"column":30}},"64":{"start":{"line":142,"column":31},"end":{"line":142,"column":33}},"65":{"start":{"line":142,"column":34},"end":{"line":142,"column":36}},"66":{"start":{"line":142,"column":36},"end":{"line":142,"column":37}},"67":{"start":{"line":142,"column":37},"end":{"line":142,"column":null}},"68":{"start":{"line":147,"column":12},"end":{"line":152,"column":3}},"69":{"start":{"line":142,"column":13},"end":{"line":142,"column":25}}},"fnMap":{"0":{"name":"(anonymous_0)","decl":{"start":{"line":21,"column":24},"end":{"line":21,"column":25}},"loc":{"start":{"line":26,"column":1},"end":{"line":26,"column":21}}},"1":{"name":"(anonymous_1)","decl":{"start":{"line":37,"column":25},"end":{"line":37,"column":26}},"loc":{"start":{"line":42,"column":1},"end":{"line":42,"column":13}}},"2":{"name":"(anonymous_2)","decl":{"start":{"line":57,"column":24},"end":{"line":57,"column":25}},"loc":{"start":{"line":57,"column":60},"end":{"line":58,"column":9}}},"3":{"name":"(anonymous_3)","decl":{"start":{"line":69,"column":24},"end":{"line":69,"column":25}},"loc":{"start":{"line":74,"column":1},"end":{"line":74,"column":21}}},"4":{"name":"(anonymous_4)","decl":{"start":{"line":85,"column":25},"end":{"line":85,"column":26}},"loc":{"start":{"line":90,"column":1},"end":{"line":90,"column":20}}},"5":{"name":"(anonymous_5)","decl":{"start":{"line":100,"column":24},"end":{"line":100,"column":25}},"loc":{"start":{"line":100,"column":60},"end":{"line":101,"column":9}}},"6":{"name":"(anonymous_6)","decl":{"start":{"line":112,"column":24},"end":{"line":112,"column":25}},"loc":{"start":{"line":117,"column":1},"end":{"line":117,"column":19}}},"7":{"name":"(anonymous_7)","decl":{"start":{"line":127,"column":24},"end":{"line":127,"column":25}},"loc":{"start":{"line":132,"column":1},"end":{"line":132,"column":21}}},"8":{"name":"(anonymous_8)","decl":{"start":{"line":142,"column":25},"end":{"line":142,"column":26}},"loc":{"start":{"line":147,"column":1},"end":{"line":147,"column":13}}}},"branchMap":{"0":{"loc":{"start":{"line":21,"column":36},"end":{"line":21,"column":null}},"type":"cond-expr","locations":[{"start":{"line":21,"column":39},"end":{"line":21,"column":53}},{"start":{"line":21,"column":53},"end":{"line":21,"column":null}}]},"1":{"loc":{"start":{"line":37,"column":37},"end":{"line":37,"column":null}},"type":"cond-expr","locations":[{"start":{"line":37,"column":40},"end":{"line":37,"column":54}},{"start":{"line":37,"column":54},"end":{"line":37,"column":null}}]},"2":{"loc":{"start":{"line":69,"column":36},"end":{"line":69,"column":null}},"type":"cond-expr","locations":[{"start":{"line":69,"column":39},"end":{"line":69,"column":53}},{"start":{"line":69,"column":53},"end":{"line":69,"column":null}}]},"3":{"loc":{"start":{"line":85,"column":37},"end":{"line":85,"column":null}},"type":"cond-expr","locations":[{"start":{"line":85,"column":40},"end":{"line":85,"column":54}},{"start":{"line":85,"column":54},"end":{"line":85,"column":null}}]},"4":{"loc":{"start":{"line":112,"column":36},"end":{"line":112,"column":null}},"type":"cond-expr","locations":[{"start":{"line":112,"column":39},"end":{"line":112,"column":53}},{"start":{"line":112,"column":53},"end":{"line":112,"column":null}}]},"5":{"loc":{"start":{"line":127,"column":36},"end":{"line":127,"column":null}},"type":"cond-expr","locations":[{"start":{"line":127,"column":39},"end":{"line":127,"column":53}},{"start":{"line":127,"column":53},"end":{"line":127,"column":null}}]},"6":{"loc":{"start":{"line":142,"column":37},"end":{"line":142,"column":null}},"type":"cond-expr","locations":[{"start":{"line":142,"column":40},"end":{"line":142,"column":54}},{"start":{"line":142,"column":54},"end":{"line":142,"column":null}}]}},"s":{"0":3,"1":3,"2":3,"3":7,"4":7,"5":7,"6":7,"7":7,"8":7,"9":3,"10":3,"11":12,"12":12,"13":12,"14":12,"15":12,"16":12,"17":3,"18":3,"19":7,"20":7,"21":7,"22":7,"23":3,"24":3,"25":9,"26":9,"27":9,"28":9,"29":9,"30":9,"31":3,"32":3,"33":14,"34":14,"35":14,"36":14,"37":14,"38":14,"39":3,"40":3,"41":7,"42":7,"43":7,"44":7,"45":3,"46":3,"47":9,"48":9,"49":9,"50":9,"51":9,"52":9,"53":3,"54":3,"55":6,"56":6,"57":6,"58":6,"59":6,"60":6,"61":3,"62":3,"63":16,"64":16,"65":16,"66":16,"67":16,"68":16,"69":3},"f":{"0":7,"1":12,"2":7,"3":9,"4":14,"5":7,"6":9,"7":6,"8":16},"b":{"0":[1,6],"1":[0,12],"2":[2,7],"3":[0,14],"4":[2,7],"5":[1,5],"6":[0,16]}}
,"C:\\Users\\russ\\Projects\\color2color\\src\\converters\\hsb.ts": {"path":"C:\\Users\\russ\\Projects\\color2color\\src\\converters\\hsb.ts","statementMap":{"0":{"start":{"line":9,"column":0},"end":{"line":9,"column":43}},"1":{"start":{"line":10,"column":0},"end":{"line":10,"column":null}},"2":{"start":{"line":25,"column":24},"end":{"line":26,"column":10}},"3":{"start":{"line":25,"column":27},"end":{"line":25,"column":29}},"4":{"start":{"line":25,"column":30},"end":{"line":25,"column":32}},"5":{"start":{"line":25,"column":33},"end":{"line":25,"column":60}},"6":{"start":{"line":26,"column":1},"end":{"line":26,"column":22}},"7":{"start":{"line":25,"column":13},"end":{"line":25,"column":24}},"8":{"start":{"line":36,"column":25},"end":{"line":37,"column":9}},"9":{"start":{"line":36,"column":28},"end":{"line":36,"column":30}},"10":{"start":{"line":36,"column":31},"end":{"line":36,"column":33}},"11":{"start":{"line":36,"column":34},"end":{"line":36,"column":61}},"12":{"start":{"line":37,"column":1},"end":{"line":37,"column":21}},"13":{"start":{"line":36,"column":13},"end":{"line":36,"column":25}},"14":{"start":{"line":47,"column":24},"end":{"line":55,"column":1}},"15":{"start":{"line":47,"column":27},"end":{"line":47,"column":29}},"16":{"start":{"line":47,"column":30},"end":{"line":47,"column":32}},"17":{"start":{"line":47,"column":33},"end":{"line":47,"column":60}},"18":{"start":{"line":48,"column":15},"end":{"line":48,"column":27}},"19":{"start":{"line":50,"column":1},"end":{"line":54,"column":3}},"20":{"start":{"line":47,"column":13},"end":{"line":47,"column":24}},"21":{"start":{"line":65,"column":24},"end":{"line":66,"column":10}},"22":{"start":{"line":65,"column":27},"end":{"line":65,"column":29}},"23":{"start":{"line":65,"column":30},"end":{"line":65,"column":32}},"24":{"start":{"line":65,"column":33},"end":{"line":65,"column":60}},"25":{"start":{"line":66,"column":1},"end":{"line":66,"column":22}},"26":{"start":{"line":65,"column":13},"end":{"line":65,"column":24}},"27":{"start":{"line":76,"column":25},"end":{"line":98,"column":1}},"28":{"start":{"line":76,"column":28},"end":{"line":76,"column":30}},"29":{"start":{"line":76,"column":31},"end":{"line":76,"column":33}},"30":{"start":{"line":76,"column":34},"end":{"line":76,"column":61}},"31":{"start":{"line":77,"column":15},"end":{"line":77,"column":27}},"32":{"start":{"line":78,"column":19},"end":{"line":78,"column":62}},"33":{"start":{"line":79,"column":20},"end":{"line":84,"column":3}},"34":{"start":{"line":86,"column":1},"end":{"line":94,"column":null}},"35":{"start":{"line":87,"column":2},"end":{"line":93,"column":null}},"36":{"start":{"line":88,"column":3},"end":{"line":88,"column":14}},"37":{"start":{"line":89,"column":9},"end":{"line":93,"column":null}},"38":{"start":{"line":90,"column":3},"end":{"line":90,"column":43}},"39":{"start":{"line":92,"column":3},"end":{"line":92,"column":47}},"40":{"start":{"line":95,"column":1},"end":{"line":95,"column":41}},"41":{"start":{"line":97,"column":1},"end":{"line":97,"column":13}},"42":{"start":{"line":76,"column":13},"end":{"line":76,"column":25}},"43":{"start":{"line":108,"column":24},"end":{"line":108,"column":71}},"44":{"start":{"line":108,"column":27},"end":{"line":108,"column":29}},"45":{"start":{"line":108,"column":30},"end":{"line":108,"column":32}},"46":{"start":{"line":108,"column":33},"end":{"line":108,"column":60}},"47":{"start":{"line":108,"column":70},"end":{"line":112,"column":3}},"48":{"start":{"line":108,"column":13},"end":{"line":108,"column":24}},"49":{"start":{"line":122,"column":24},"end":{"line":126,"column":1}},"50":{"start":{"line":122,"column":27},"end":{"line":122,"column":29}},"51":{"start":{"line":122,"column":30},"end":{"line":122,"column":32}},"52":{"start":{"line":122,"column":33},"end":{"line":122,"column":60}},"53":{"start":{"line":123,"column":14},"end":{"line":123,"column":33}},"54":{"start":{"line":125,"column":1},"end":{"line":125,"column":56}},"55":{"start":{"line":122,"column":13},"end":{"line":122,"column":24}},"56":{"start":{"line":136,"column":24},"end":{"line":137,"column":10}},"57":{"start":{"line":136,"column":27},"end":{"line":136,"column":29}},"58":{"start":{"line":136,"column":30},"end":{"line":136,"column":32}},"59":{"start":{"line":136,"column":33},"end":{"line":136,"column":60}},"60":{"start":{"line":137,"column":1},"end":{"line":137,"column":22}},"61":{"start":{"line":136,"column":13},"end":{"line":136,"column":24}},"62":{"start":{"line":147,"column":25},"end":{"line":151,"column":1}},"63":{"start":{"line":147,"column":28},"end":{"line":147,"column":30}},"64":{"start":{"line":147,"column":31},"end":{"line":147,"column":33}},"65":{"start":{"line":147,"column":34},"end":{"line":147,"column":61}},"66":{"start":{"line":148,"column":14},"end":{"line":148,"column":33}},"67":{"start":{"line":150,"column":1},"end":{"line":150,"column":56}},"68":{"start":{"line":147,"column":13},"end":{"line":147,"column":25}}},"fnMap":{"0":{"name":"(anonymous_0)","decl":{"start":{"line":25,"column":24},"end":{"line":25,"column":25}},"loc":{"start":{"line":25,"column":60},"end":{"line":26,"column":10}}},"1":{"name":"(anonymous_1)","decl":{"start":{"line":36,"column":25},"end":{"line":36,"column":26}},"loc":{"start":{"line":36,"column":61},"end":{"line":37,"column":9}}},"2":{"name":"(anonymous_2)","decl":{"start":{"line":47,"column":24},"end":{"line":47,"column":25}},"loc":{"start":{"line":47,"column":60},"end":{"line":55,"column":1}}},"3":{"name":"(anonymous_3)","decl":{"start":{"line":65,"column":24},"end":{"line":65,"column":25}},"loc":{"start":{"line":65,"column":60},"end":{"line":66,"column":10}}},"4":{"name":"(anonymous_4)","decl":{"start":{"line":76,"column":25},"end":{"line":76,"column":26}},"loc":{"start":{"line":76,"column":61},"end":{"line":98,"column":1}}},"5":{"name":"(anonymous_5)","decl":{"start":{"line":108,"column":24},"end":{"line":108,"column":25}},"loc":{"start":{"line":108,"column":60},"end":{"line":108,"column":71}}},"6":{"name":"(anonymous_6)","decl":{"start":{"line":122,"column":24},"end":{"line":122,"column":25}},"loc":{"start":{"line":122,"column":60},"end":{"line":126,"column":1}}},"7":{"name":"(anonymous_7)","decl":{"start":{"line":136,"column":24},"end":{"line":136,"column":25}},"loc":{"start":{"line":136,"column":60},"end":{"line":137,"column":10}}},"8":{"name":"(anonymous_8)","decl":{"start":{"line":147,"column":25},"end":{"line":147,"column":26}},"loc":{"start":{"line":147,"column":61},"end":{"line":151,"column":1}}}},"branchMap":{"0":{"loc":{"start":{"line":86,"column":1},"end":{"line":94,"column":null}},"type":"if","locations":[{"start":{"line":86,"column":1},"end":{"line":94,"column":null}}]},"1":{"loc":{"start":{"line":87,"column":2},"end":{"line":93,"column":null}},"type":"if","locations":[{"start":{"line":87,"column":2},"end":{"line":93,"column":null}},{"start":{"line":89,"column":9},"end":{"line":93,"column":null}}]},"2":{"loc":{"start":{"line":89,"column":9},"end":{"line":93,"column":null}},"type":"if","locations":[{"start":{"line":89,"column":9},"end":{"line":93,"column":null}},{"start":{"line":91,"column":9},"end":{"line":93,"column":null}}]}},"s":{"0":5,"1":5,"2":5,"3":5,"4":5,"5":5,"6":5,"7":5,"8":5,"9":6,"10":6,"11":6,"12":6,"13":5,"14":5,"15":2,"16":2,"17":2,"18":2,"19":2,"20":5,"21":5,"22":31,"23":31,"24":31,"25":31,"26":5,"27":5,"28":32,"29":32,"30":32,"31":32,"32":32,"33":32,"34":32,"35":32,"36":1,"37":31,"38":24,"39":7,"40":32,"41":32,"42":5,"43":5,"44":2,"45":2,"46":2,"47":2,"48":5,"49":5,"50":4,"51":4,"52":4,"53":4,"54":4,"55":5,"56":5,"57":12,"58":12,"59":12,"60":12,"61":5,"62":5,"63":14,"64":14,"65":14,"66":14,"67":14,"68":5},"f":{"0":5,"1":6,"2":2,"3":31,"4":32,"5":2,"6":4,"7":12,"8":14},"b":{"0":[32],"1":[1,31],"2":[24,7]}}
,"C:\\Users\\russ\\Projects\\color2color\\src\\converters\\hsl.ts": {"path":"C:\\Users\\russ\\Projects\\color2color\\src\\converters\\hsl.ts","statementMap":{"0":{"start":{"line":9,"column":0},"end":{"line":9,"column":null}},"1":{"start":{"line":26,"column":24},"end":{"line":31,"column":21}},"2":{"start":{"line":26,"column":27},"end":{"line":26,"column":29}},"3":{"start":{"line":26,"column":30},"end":{"line":26,"column":32}},"4":{"start":{"line":26,"column":33},"end":{"line":26,"column":35}},"5":{"start":{"line":26,"column":35},"end":{"line":26,"column":36}},"6":{"start":{"line":26,"column":36},"end":{"line":26,"column":null}},"7":{"start":{"line":31,"column":12},"end":{"line":31,"column":36}},"8":{"start":{"line":26,"column":13},"end":{"line":26,"column":24}},"9":{"start":{"line":41,"column":25},"end":{"line":46,"column":20}},"10":{"start":{"line":41,"column":28},"end":{"line":41,"column":30}},"11":{"start":{"line":41,"column":31},"end":{"line":41,"column":33}},"12":{"start":{"line":41,"column":34},"end":{"line":41,"column":36}},"13":{"start":{"line":41,"column":36},"end":{"line":41,"column":37}},"14":{"start":{"line":41,"column":37},"end":{"line":41,"column":null}},"15":{"start":{"line":46,"column":12},"end":{"line":46,"column":35}},"16":{"start":{"line":41,"column":13},"end":{"line":41,"column":25}},"17":{"start":{"line":56,"column":24},"end":{"line":65,"column":1}},"18":{"start":{"line":56,"column":27},"end":{"line":56,"column":29}},"19":{"start":{"line":56,"column":30},"end":{"line":56,"column":32}},"20":{"start":{"line":56,"column":33},"end":{"line":56,"column":60}},"21":{"start":{"line":57,"column":15},"end":{"line":57,"column":27}},"22":{"start":{"line":58,"column":20},"end":{"line":58,"column":45}},"23":{"start":{"line":60,"column":1},"end":{"line":64,"column":3}},"24":{"start":{"line":56,"column":13},"end":{"line":56,"column":24}},"25":{"start":{"line":75,"column":24},"end":{"line":80,"column":21}},"26":{"start":{"line":75,"column":27},"end":{"line":75,"column":29}},"27":{"start":{"line":75,"column":30},"end":{"line":75,"column":32}},"28":{"start":{"line":75,"column":33},"end":{"line":75,"column":35}},"29":{"start":{"line":75,"column":35},"end":{"line":75,"column":36}},"30":{"start":{"line":75,"column":36},"end":{"line":75,"column":null}},"31":{"start":{"line":80,"column":12},"end":{"line":80,"column":36}},"32":{"start":{"line":75,"column":13},"end":{"line":75,"column":24}},"33":{"start":{"line":90,"column":25},"end":{"line":95,"column":13}},"34":{"start":{"line":90,"column":28},"end":{"line":90,"column":30}},"35":{"start":{"line":90,"column":31},"end":{"line":90,"column":33}},"36":{"start":{"line":90,"column":34},"end":{"line":90,"column":36}},"37":{"start":{"line":90,"column":36},"end":{"line":90,"column":37}},"38":{"start":{"line":90,"column":37},"end":{"line":90,"column":null}},"39":{"start":{"line":95,"column":12},"end":{"line":100,"column":3}},"40":{"start":{"line":90,"column":13},"end":{"line":90,"column":25}},"41":{"start":{"line":110,"column":24},"end":{"line":118,"column":1}},"42":{"start":{"line":110,"column":27},"end":{"line":110,"column":29}},"43":{"start":{"line":110,"column":30},"end":{"line":110,"column":32}},"44":{"start":{"line":110,"column":33},"end":{"line":110,"column":60}},"45":{"start":{"line":111,"column":13},"end":{"line":111,"column":32}},"46":{"start":{"line":113,"column":1},"end":{"line":117,"column":3}},"47":{"start":{"line":110,"column":13},"end":{"line":110,"column":24}},"48":{"start":{"line":128,"column":24},"end":{"line":145,"column":1}},"49":{"start":{"line":128,"column":27},"end":{"line":128,"column":29}},"50":{"start":{"line":128,"column":30},"end":{"line":128,"column":32}},"51":{"start":{"line":128,"column":33},"end":{"line":128,"column":35}},"52":{"start":{"line":128,"column":35},"end":{"line":128,"column":36}},"53":{"start":{"line":128,"column":36},"end":{"line":128,"column":null}},"54":{"start":{"line":134,"column":15},"end":{"line":134,"column":27}},"55":{"start":{"line":135,"column":13},"end":{"line":135,"column":32}},"56":{"start":{"line":136,"column":19},"end":{"line":136,"column":28}},"57":{"start":{"line":137,"column":19},"end":{"line":137,"column":38}},"58":{"start":{"line":139,"column":1},"end":{"line":144,"column":3}},"59":{"start":{"line":128,"column":13},"end":{"line":128,"column":24}},"60":{"start":{"line":155,"column":24},"end":{"line":160,"column":21}},"61":{"start":{"line":155,"column":27},"end":{"line":155,"column":29}},"62":{"start":{"line":155,"column":30},"end":{"line":155,"column":32}},"63":{"start":{"line":155,"column":33},"end":{"line":155,"column":35}},"64":{"start":{"line":155,"column":35},"end":{"line":155,"column":36}},"65":{"start":{"line":155,"column":36},"end":{"line":155,"column":null}},"66":{"start":{"line":160,"column":12},"end":{"line":160,"column":36}},"67":{"start":{"line":155,"column":13},"end":{"line":155,"column":24}},"68":{"start":{"line":170,"column":25},"end":{"line":197,"column":1}},"69":{"start":{"line":170,"column":28},"end":{"line":170,"column":30}},"70":{"start":{"line":170,"column":31},"end":{"line":170,"column":33}},"71":{"start":{"line":170,"column":34},"end":{"line":170,"column":36}},"72":{"start":{"line":170,"column":36},"end":{"line":170,"column":37}},"73":{"start":{"line":170,"column":37},"end":{"line":170,"column":null}},"74":{"start":{"line":176,"column":15},"end":{"line":176,"column":45}},"75":{"start":{"line":177,"column":20},"end":{"line":177,"column":67}},"76":{"start":{"line":178,"column":19},"end":{"line":178,"column":66}},"77":{"start":{"line":179,"column":20},"end":{"line":184,"column":3}},"78":{"start":{"line":186,"column":1},"end":{"line":194,"column":null}},"79":{"start":{"line":187,"column":2},"end":{"line":187,"column":13}},"80":{"start":{"line":188,"column":2},"end":{"line":188,"column":13}},"81":{"start":{"line":189,"column":2},"end":{"line":189,"column":13}},"82":{"start":{"line":191,"column":2},"end":{"line":191,"column":53}},"83":{"start":{"line":192,"column":2},"end":{"line":192,"column":53}},"84":{"start":{"line":193,"column":2},"end":{"line":193,"column":53}},"85":{"start":{"line":196,"column":1},"end":{"line":196,"column":13}},"86":{"start":{"line":170,"column":13},"end":{"line":170,"column":25}}},"fnMap":{"0":{"name":"(anonymous_0)","decl":{"start":{"line":26,"column":24},"end":{"line":26,"column":25}},"loc":{"start":{"line":31,"column":1},"end":{"line":31,"column":21}}},"1":{"name":"(anonymous_1)","decl":{"start":{"line":41,"column":25},"end":{"line":41,"column":26}},"loc":{"start":{"line":46,"column":1},"end":{"line":46,"column":20}}},"2":{"name":"(anonymous_2)","decl":{"start":{"line":56,"column":24},"end":{"line":56,"column":25}},"loc":{"start":{"line":56,"column":60},"end":{"line":65,"column":1}}},"3":{"name":"(anonymous_3)","decl":{"start":{"line":75,"column":24},"end":{"line":75,"column":25}},"loc":{"start":{"line":80,"column":1},"end":{"line":80,"column":21}}},"4":{"name":"(anonymous_4)","decl":{"start":{"line":90,"column":25},"end":{"line":90,"column":26}},"loc":{"start":{"line":95,"column":1},"end":{"line":95,"column":13}}},"5":{"name":"(anonymous_5)","decl":{"start":{"line":110,"column":24},"end":{"line":110,"column":25}},"loc":{"start":{"line":110,"column":60},"end":{"line":118,"column":1}}},"6":{"name":"(anonymous_6)","decl":{"start":{"line":128,"column":24},"end":{"line":128,"column":25}},"loc":{"start":{"line":133,"column":1},"end":{"line":145,"column":1}}},"7":{"name":"(anonymous_7)","decl":{"start":{"line":155,"column":24},"end":{"line":155,"column":25}},"loc":{"start":{"line":160,"column":1},"end":{"line":160,"column":21}}},"8":{"name":"(anonymous_8)","decl":{"start":{"line":170,"column":25},"end":{"line":170,"column":26}},"loc":{"start":{"line":175,"column":1},"end":{"line":197,"column":1}}}},"branchMap":{"0":{"loc":{"start":{"line":26,"column":36},"end":{"line":26,"column":null}},"type":"cond-expr","locations":[{"start":{"line":26,"column":39},"end":{"line":26,"column":53}},{"start":{"line":26,"column":53},"end":{"line":26,"column":null}}]},"1":{"loc":{"start":{"line":41,"column":37},"end":{"line":41,"column":null}},"type":"cond-expr","locations":[{"start":{"line":41,"column":40},"end":{"line":41,"column":54}},{"start":{"line":41,"column":54},"end":{"line":41,"column":null}}]},"2":{"loc":{"start":{"line":58,"column":25},"end":{"line":58,"column":44}},"type":"cond-expr","locations":[{"start":{"line":58,"column":35},"end":{"line":58,"column":36}},{"start":{"line":58,"column":39},"end":{"line":58,"column":44}}]},"3":{"loc":{"start":{"line":75,"column":36},"end":{"line":75,"column":null}},"type":"cond-expr","locations":[{"start":{"line":75,"column":39},"end":{"line":75,"column":53}},{"start":{"line":75,"column":53},"end":{"line":75,"column":null}}]},"4":{"loc":{"start":{"line":90,"column":37},"end":{"line":90,"column":null}},"type":"cond-expr","locations":[{"start":{"line":90,"column":40},"end":{"line":90,"column":54}},{"start":{"line":90,"column":54},"end":{"line":90,"column":null}}]},"5":{"loc":{"start":{"line":128,"column":36},"end":{"line":128,"column":null}},"type":"cond-expr","locations":[{"start":{"line":128,"column":39},"end":{"line":128,"column":53}},{"start":{"line":128,"column":53},"end":{"line":128,"column":null}}]},"6":{"loc":{"start":{"line":155,"column":36},"end":{"line":155,"column":null}},"type":"cond-expr","locations":[{"start":{"line":155,"column":39},"end":{"line":155,"column":53}},{"start":{"line":155,"column":53},"end":{"line":155,"column":null}}]},"7":{"loc":{"start":{"line":170,"column":37},"end":{"line":170,"column":null}},"type":"cond-expr","locations":[{"start":{"line":170,"column":40},"end":{"line":170,"column":54}},{"start":{"line":170,"column":54},"end":{"line":170,"column":null}}]},"8":{"loc":{"start":{"line":177,"column":20},"end":{"line":177,"column":67}},"type":"cond-expr","locations":[{"start":{"line":177,"column":44},"end":{"line":177,"column":45}},{"start":{"line":177,"column":48},"end":{"line":177,"column":67}}]},"9":{"loc":{"start":{"line":178,"column":19},"end":{"line":178,"column":66}},"type":"cond-expr","locations":[{"start":{"line":178,"column":43},"end":{"line":178,"column":44}},{"start":{"line":178,"column":47},"end":{"line":178,"column":66}}]},"10":{"loc":{"start":{"line":186,"column":1},"end":{"line":194,"column":null}},"type":"if","locations":[{"start":{"line":186,"column":1},"end":{"line":194,"column":null}},{"start":{"line":190,"column":8},"end":{"line":194,"column":null}}]}},"s":{"0":6,"1":6,"2":4,"3":4,"4":4,"5":4,"6":4,"7":4,"8":6,"9":6,"10":6,"11":6,"12":6,"13":6,"14":6,"15":6,"16":6,"17":6,"18":14,"19":14,"20":14,"21":14,"22":14,"23":14,"24":6,"25":6,"26":2,"27":2,"28":2,"29":2,"30":2,"31":2,"32":6,"33":6,"34":4,"35":4,"36":4,"37":4,"38":4,"39":4,"40":6,"41":6,"42":3,"43":3,"44":3,"45":3,"46":3,"47":6,"48":6,"49":8,"50":8,"51":8,"52":8,"53":8,"54":8,"55":8,"56":8,"57":8,"58":8,"59":6,"60":6,"61":39,"62":39,"63":39,"64":39,"65":39,"66":39,"67":6,"68":6,"69":43,"70":43,"71":43,"72":43,"73":43,"74":43,"75":43,"76":43,"77":43,"78":43,"79":1,"80":1,"81":1,"82":42,"83":42,"84":42,"85":43,"86":6},"f":{"0":4,"1":6,"2":14,"3":2,"4":4,"5":3,"6":8,"7":39,"8":43},"b":{"0":[1,3],"1":[0,6],"2":[14,0],"3":[0,2],"4":[0,4],"5":[1,7],"6":[1,38],"7":[0,43],"8":[35,8],"9":[0,43],"10":[1,42]}}
,"C:\\Users\\russ\\Projects\\color2color\\src\\converters\\hsv.ts": {"path":"C:\\Users\\russ\\Projects\\color2color\\src\\converters\\hsv.ts","statementMap":{"0":{"start":{"line":9,"column":0},"end":{"line":9,"column":63}},"1":{"start":{"line":10,"column":0},"end":{"line":10,"column":41}},"2":{"start":{"line":20,"column":24},"end":{"line":21,"column":10}},"3":{"start":{"line":20,"column":27},"end":{"line":20,"column":29}},"4":{"start":{"line":20,"column":30},"end":{"line":20,"column":32}},"5":{"start":{"line":20,"column":33},"end":{"line":20,"column":60}},"6":{"start":{"line":21,"column":1},"end":{"line":21,"column":22}},"7":{"start":{"line":20,"column":13},"end":{"line":20,"column":24}},"8":{"start":{"line":31,"column":25},"end":{"line":32,"column":9}},"9":{"start":{"line":31,"column":28},"end":{"line":31,"column":30}},"10":{"start":{"line":31,"column":31},"end":{"line":31,"column":33}},"11":{"start":{"line":31,"column":34},"end":{"line":31,"column":61}},"12":{"start":{"line":32,"column":1},"end":{"line":32,"column":21}},"13":{"start":{"line":31,"column":13},"end":{"line":31,"column":25}},"14":{"start":{"line":42,"column":24},"end":{"line":42,"column":71}},"15":{"start":{"line":42,"column":27},"end":{"line":42,"column":29}},"16":{"start":{"line":42,"column":30},"end":{"line":42,"column":32}},"17":{"start":{"line":42,"column":33},"end":{"line":42,"column":60}},"18":{"start":{"line":42,"column":70},"end":{"line":46,"column":3}},"19":{"start":{"line":42,"column":13},"end":{"line":42,"column":24}},"20":{"start":{"line":56,"column":24},"end":{"line":57,"column":10}},"21":{"start":{"line":56,"column":27},"end":{"line":56,"column":29}},"22":{"start":{"line":56,"column":30},"end":{"line":56,"column":32}},"23":{"start":{"line":56,"column":33},"end":{"line":56,"column":60}},"24":{"start":{"line":57,"column":1},"end":{"line":57,"column":22}},"25":{"start":{"line":56,"column":13},"end":{"line":56,"column":24}},"26":{"start":{"line":67,"column":25},"end":{"line":68,"column":9}},"27":{"start":{"line":67,"column":28},"end":{"line":67,"column":30}},"28":{"start":{"line":67,"column":31},"end":{"line":67,"column":33}},"29":{"start":{"line":67,"column":34},"end":{"line":67,"column":61}},"30":{"start":{"line":68,"column":1},"end":{"line":68,"column":21}},"31":{"start":{"line":67,"column":13},"end":{"line":67,"column":25}},"32":{"start":{"line":78,"column":24},"end":{"line":78,"column":71}},"33":{"start":{"line":78,"column":27},"end":{"line":78,"column":29}},"34":{"start":{"line":78,"column":30},"end":{"line":78,"column":32}},"35":{"start":{"line":78,"column":33},"end":{"line":78,"column":60}},"36":{"start":{"line":78,"column":70},"end":{"line":82,"column":3}},"37":{"start":{"line":78,"column":13},"end":{"line":78,"column":24}},"38":{"start":{"line":92,"column":24},"end":{"line":93,"column":9}},"39":{"start":{"line":92,"column":27},"end":{"line":92,"column":29}},"40":{"start":{"line":92,"column":30},"end":{"line":92,"column":32}},"41":{"start":{"line":92,"column":33},"end":{"line":92,"column":60}},"42":{"start":{"line":93,"column":1},"end":{"line":93,"column":21}},"43":{"start":{"line":92,"column":13},"end":{"line":92,"column":24}},"44":{"start":{"line":103,"column":24},"end":{"line":104,"column":10}},"45":{"start":{"line":103,"column":27},"end":{"line":103,"column":29}},"46":{"start":{"line":103,"column":30},"end":{"line":103,"column":32}},"47":{"start":{"line":103,"column":33},"end":{"line":103,"column":60}},"48":{"start":{"line":104,"column":1},"end":{"line":104,"column":22}},"49":{"start":{"line":103,"column":13},"end":{"line":103,"column":24}},"50":{"start":{"line":114,"column":25},"end":{"line":115,"column":9}},"51":{"start":{"line":114,"column":28},"end":{"line":114,"column":30}},"52":{"start":{"line":114,"column":31},"end":{"line":114,"column":33}},"53":{"start":{"line":114,"column":34},"end":{"line":114,"column":61}},"54":{"start":{"line":115,"column":1},"end":{"line":115,"column":21}},"55":{"start":{"line":114,"column":13},"end":{"line":114,"column":25}}},"fnMap":{"0":{"name":"(anonymous_0)","decl":{"start":{"line":20,"column":24},"end":{"line":20,"column":25}},"loc":{"start":{"line":20,"column":60},"end":{"line":21,"column":10}}},"1":{"name":"(anonymous_1)","decl":{"start":{"line":31,"column":25},"end":{"line":31,"column":26}},"loc":{"start":{"line":31,"column":61},"end":{"line":32,"column":9}}},"2":{"name":"(anonymous_2)","decl":{"start":{"line":42,"column":24},"end":{"line":42,"column":25}},"loc":{"start":{"line":42,"column":60},"end":{"line":42,"column":71}}},"3":{"name":"(anonymous_3)","decl":{"start":{"line":56,"column":24},"end":{"line":56,"column":25}},"loc":{"start":{"line":56,"column":60},"end":{"line":57,"column":10}}},"4":{"name":"(anonymous_4)","decl":{"start":{"line":67,"column":25},"end":{"line":67,"column":26}},"loc":{"start":{"line":67,"column":61},"end":{"line":68,"column":9}}},"5":{"name":"(anonymous_5)","decl":{"start":{"line":78,"column":24},"end":{"line":78,"column":25}},"loc":{"start":{"line":78,"column":60},"end":{"line":78,"column":71}}},"6":{"name":"(anonymous_6)","decl":{"start":{"line":92,"column":24},"end":{"line":92,"column":25}},"loc":{"start":{"line":92,"column":60},"end":{"line":93,"column":9}}},"7":{"name":"(anonymous_7)","decl":{"start":{"line":103,"column":24},"end":{"line":103,"column":25}},"loc":{"start":{"line":103,"column":60},"end":{"line":104,"column":10}}},"8":{"name":"(anonymous_8)","decl":{"start":{"line":114,"column":25},"end":{"line":114,"column":26}},"loc":{"start":{"line":114,"column":61},"end":{"line":115,"column":9}}}},"branchMap":{},"s":{"0":3,"1":3,"2":3,"3":2,"4":2,"5":2,"6":2,"7":3,"8":3,"9":3,"10":3,"11":3,"12":3,"13":3,"14":3,"15":2,"16":2,"17":2,"18":2,"19":3,"20":3,"21":2,"22":2,"23":2,"24":2,"25":3,"26":3,"27":3,"28":3,"29":3,"30":3,"31":3,"32":3,"33":1,"34":1,"35":1,"36":1,"37":3,"38":3,"39":2,"40":2,"41":2,"42":2,"43":3,"44":3,"45":2,"46":2,"47":2,"48":2,"49":3,"50":3,"51":4,"52":4,"53":4,"54":4,"55":3},"f":{"0":2,"1":3,"2":2,"3":2,"4":3,"5":1,"6":2,"7":2,"8":4},"b":{}}
,"C:\\Users\\russ\\Projects\\color2color\\src\\converters\\hwb.ts": {"path":"C:\\Users\\russ\\Projects\\color2color\\src\\converters\\hwb.ts","statementMap":{"0":{"start":{"line":9,"column":0},"end":{"line":9,"column":33}},"1":{"start":{"line":10,"column":0},"end":{"line":10,"column":33}},"2":{"start":{"line":11,"column":0},"end":{"line":11,"column":null}},"3":{"start":{"line":26,"column":24},"end":{"line":31,"column":21}},"4":{"start":{"line":26,"column":27},"end":{"line":26,"column":29}},"5":{"start":{"line":26,"column":30},"end":{"line":26,"column":32}},"6":{"start":{"line":26,"column":33},"end":{"line":26,"column":35}},"7":{"start":{"line":26,"column":35},"end":{"line":26,"column":36}},"8":{"start":{"line":26,"column":36},"end":{"line":26,"column":null}},"9":{"start":{"line":31,"column":12},"end":{"line":31,"column":36}},"10":{"start":{"line":26,"column":13},"end":{"line":26,"column":24}},"11":{"start":{"line":41,"column":25},"end":{"line":46,"column":20}},"12":{"start":{"line":41,"column":28},"end":{"line":41,"column":30}},"13":{"start":{"line":41,"column":31},"end":{"line":41,"column":33}},"14":{"start":{"line":41,"column":34},"end":{"line":41,"column":36}},"15":{"start":{"line":41,"column":36},"end":{"line":41,"column":37}},"16":{"start":{"line":41,"column":37},"end":{"line":41,"column":null}},"17":{"start":{"line":46,"column":12},"end":{"line":46,"column":35}},"18":{"start":{"line":41,"column":13},"end":{"line":41,"column":25}},"19":{"start":{"line":56,"column":24},"end":{"line":64,"column":1}},"20":{"start":{"line":56,"column":27},"end":{"line":56,"column":29}},"21":{"start":{"line":56,"column":30},"end":{"line":56,"column":32}},"22":{"start":{"line":56,"column":33},"end":{"line":56,"column":60}},"23":{"start":{"line":57,"column":15},"end":{"line":57,"column":27}},"24":{"start":{"line":59,"column":1},"end":{"line":63,"column":3}},"25":{"start":{"line":56,"column":13},"end":{"line":56,"column":24}},"26":{"start":{"line":74,"column":24},"end":{"line":79,"column":21}},"27":{"start":{"line":74,"column":27},"end":{"line":74,"column":29}},"28":{"start":{"line":74,"column":30},"end":{"line":74,"column":32}},"29":{"start":{"line":74,"column":33},"end":{"line":74,"column":35}},"30":{"start":{"line":74,"column":35},"end":{"line":74,"column":36}},"31":{"start":{"line":74,"column":36},"end":{"line":74,"column":null}},"32":{"start":{"line":79,"column":12},"end":{"line":79,"column":36}},"33":{"start":{"line":74,"column":13},"end":{"line":74,"column":24}},"34":{"start":{"line":89,"column":25},"end":{"line":102,"column":1}},"35":{"start":{"line":89,"column":28},"end":{"line":89,"column":30}},"36":{"start":{"line":89,"column":31},"end":{"line":89,"column":33}},"37":{"start":{"line":89,"column":34},"end":{"line":89,"column":36}},"38":{"start":{"line":89,"column":36},"end":{"line":89,"column":37}},"39":{"start":{"line":89,"column":37},"end":{"line":89,"column":null}},"40":{"start":{"line":95,"column":13},"end":{"line":95,"column":32}},"41":{"start":{"line":96,"column":14},"end":{"line":96,"column":50}},"42":{"start":{"line":98,"column":1},"end":{"line":100,"column":null}},"43":{"start":{"line":89,"column":13},"end":{"line":89,"column":25}},"44":{"start":{"line":112,"column":24},"end":{"line":120,"column":1}},"45":{"start":{"line":112,"column":27},"end":{"line":112,"column":29}},"46":{"start":{"line":112,"column":30},"end":{"line":112,"column":32}},"47":{"start":{"line":112,"column":33},"end":{"line":112,"column":60}},"48":{"start":{"line":113,"column":13},"end":{"line":113,"column":32}},"49":{"start":{"line":115,"column":1},"end":{"line":119,"column":3}},"50":{"start":{"line":112,"column":13},"end":{"line":112,"column":24}},"51":{"start":{"line":130,"column":24},"end":{"line":135,"column":12}},"52":{"start":{"line":130,"column":27},"end":{"line":130,"column":29}},"53":{"start":{"line":130,"column":30},"end":{"line":130,"column":32}},"54":{"start":{"line":130,"column":33},"end":{"line":130,"column":35}},"55":{"start":{"line":130,"column":35},"end":{"line":130,"column":36}},"56":{"start":{"line":130,"column":36},"end":{"line":130,"column":null}},"57":{"start":{"line":135,"column":11},"end":{"line":140,"column":3}},"58":{"start":{"line":130,"column":13},"end":{"line":130,"column":24}},"59":{"start":{"line":150,"column":24},"end":{"line":155,"column":21}},"60":{"start":{"line":150,"column":27},"end":{"line":150,"column":29}},"61":{"start":{"line":150,"column":30},"end":{"line":150,"column":32}},"62":{"start":{"line":150,"column":33},"end":{"line":150,"column":35}},"63":{"start":{"line":150,"column":35},"end":{"line":150,"column":36}},"64":{"start":{"line":150,"column":36},"end":{"line":150,"column":null}},"65":{"start":{"line":155,"column":12},"end":{"line":155,"column":36}},"66":{"start":{"line":150,"column":13},"end":{"line":150,"column":24}},"67":{"start":{"line":165,"column":25},"end":{"line":191,"column":1}},"68":{"start":{"line":165,"column":28},"end":{"line":165,"column":30}},"69":{"start":{"line":165,"column":31},"end":{"line":165,"column":33}},"70":{"start":{"line":165,"column":34},"end":{"line":165,"column":36}},"71":{"start":{"line":165,"column":36},"end":{"line":165,"column":37}},"72":{"start":{"line":165,"column":37},"end":{"line":165,"column":null}},"73":{"start":{"line":171,"column":15},"end":{"line":171,"column":27}},"74":{"start":{"line":172,"column":18},"end":{"line":177,"column":3}},"75":{"start":{"line":178,"column":14},"end":{"line":178,"column":47}},"76":{"start":{"line":179,"column":25},"end":{"line":179,"column":38}},"77":{"start":{"line":181,"column":1},"end":{"line":184,"column":null}},"78":{"start":{"line":182,"column":2},"end":{"line":182,"column":60}},"79":{"start":{"line":183,"column":2},"end":{"line":183,"column":60}},"80":{"start":{"line":186,"column":1},"end":{"line":186,"column":47}},"81":{"start":{"line":187,"column":1},"end":{"line":187,"column":47}},"82":{"start":{"line":188,"column":1},"end":{"line":188,"column":47}},"83":{"start":{"line":190,"column":1},"end":{"line":190,"column":13}},"84":{"start":{"line":165,"column":13},"end":{"line":165,"column":25}}},"fnMap":{"0":{"name":"(anonymous_2)","decl":{"start":{"line":26,"column":24},"end":{"line":26,"column":25}},"loc":{"start":{"line":31,"column":1},"end":{"line":31,"column":21}}},"1":{"name":"(anonymous_3)","decl":{"start":{"line":41,"column":25},"end":{"line":41,"column":26}},"loc":{"start":{"line":46,"column":1},"end":{"line":46,"column":20}}},"2":{"name":"(anonymous_4)","decl":{"start":{"line":56,"column":24},"end":{"line":56,"column":25}},"loc":{"start":{"line":56,"column":60},"end":{"line":64,"column":1}}},"3":{"name":"(anonymous_5)","decl":{"start":{"line":74,"column":24},"end":{"line":74,"column":25}},"loc":{"start":{"line":79,"column":1},"end":{"line":79,"column":21}}},"4":{"name":"(anonymous_6)","decl":{"start":{"line":89,"column":25},"end":{"line":89,"column":26}},"loc":{"start":{"line":94,"column":1},"end":{"line":102,"column":1}}},"5":{"name":"(anonymous_7)","decl":{"start":{"line":112,"column":24},"end":{"line":112,"column":25}},"loc":{"start":{"line":112,"column":60},"end":{"line":120,"column":1}}},"6":{"name":"(anonymous_8)","decl":{"start":{"line":130,"column":24},"end":{"line":130,"column":25}},"loc":{"start":{"line":135,"column":1},"end":{"line":135,"column":12}}},"7":{"name":"(anonymous_9)","decl":{"start":{"line":150,"column":24},"end":{"line":150,"column":25}},"loc":{"start":{"line":155,"column":1},"end":{"line":155,"column":21}}},"8":{"name":"(anonymous_10)","decl":{"start":{"line":165,"column":25},"end":{"line":165,"column":26}},"loc":{"start":{"line":170,"column":1},"end":{"line":191,"column":1}}}},"branchMap":{"0":{"loc":{"start":{"line":26,"column":36},"end":{"line":26,"column":null}},"type":"cond-expr","locations":[{"start":{"line":26,"column":39},"end":{"line":26,"column":53}},{"start":{"line":26,"column":53},"end":{"line":26,"column":null}}]},"1":{"loc":{"start":{"line":41,"column":37},"end":{"line":41,"column":null}},"type":"cond-expr","locations":[{"start":{"line":41,"column":40},"end":{"line":41,"column":54}},{"start":{"line":41,"column":54},"end":{"line":41,"column":null}}]},"2":{"loc":{"start":{"line":61,"column":7},"end":{"line":61,"column":50}},"type":"cond-expr","locations":[{"start":{"line":61,"column":31},"end":{"line":61,"column":32}},{"start":{"line":61,"column":35},"end":{"line":61,"column":50}}]},"3":{"loc":{"start":{"line":74,"column":36},"end":{"line":74,"column":null}},"type":"cond-expr","locations":[{"start":{"line":74,"column":39},"end":{"line":74,"column":53}},{"start":{"line":74,"column":53},"end":{"line":74,"column":null}}]},"4":{"loc":{"start":{"line":89,"column":37},"end":{"line":89,"column":null}},"type":"cond-expr","locations":[{"start":{"line":89,"column":40},"end":{"line":89,"column":54}},{"start":{"line":89,"column":54},"end":{"line":89,"column":null}}]},"5":{"loc":{"start":{"line":130,"column":36},"end":{"line":130,"column":null}},"type":"cond-expr","locations":[{"start":{"line":130,"column":39},"end":{"line":130,"column":53}},{"start":{"line":130,"column":53},"end":{"line":130,"column":null}}]},"6":{"loc":{"start":{"line":150,"column":36},"end":{"line":150,"column":null}},"type":"cond-expr","locations":[{"start":{"line":150,"column":39},"end":{"line":150,"column":53}},{"start":{"line":150,"column":53},"end":{"line":150,"column":null}}]},"7":{"loc":{"start":{"line":165,"column":37},"end":{"line":165,"column":null}},"type":"cond-expr","locations":[{"start":{"line":165,"column":40},"end":{"line":165,"column":54}},{"start":{"line":165,"column":54},"end":{"line":165,"column":null}}]},"8":{"loc":{"start":{"line":181,"column":1},"end":{"line":184,"column":null}},"type":"if","locations":[{"start":{"line":181,"column":1},"end":{"line":184,"column":null}}]}},"s":{"0":3,"1":3,"2":3,"3":3,"4":4,"5":4,"6":4,"7":4,"8":4,"9":4,"10":3,"11":3,"12":6,"13":6,"14":6,"15":6,"16":6,"17":6,"18":3,"19":3,"20":13,"21":13,"22":13,"23":13,"24":13,"25":3,"26":3,"27":4,"28":4,"29":4,"30":4,"31":4,"32":4,"33":3,"34":3,"35":6,"36":6,"37":6,"38":6,"39":6,"40":6,"41":6,"42":6,"43":3,"44":3,"45":3,"46":3,"47":3,"48":3,"49":3,"50":3,"51":3,"52":2,"53":2,"54":2,"55":2,"56":2,"57":2,"58":3,"59":3,"60":11,"61":11,"62":11,"63":11,"64":11,"65":11,"66":3,"67":3,"68":15,"69":15,"70":15,"71":15,"72":15,"73":15,"74":15,"75":15,"76":15,"77":15,"78":1,"79":1,"80":15,"81":15,"82":15,"83":15,"84":3},"f":{"0":4,"1":6,"2":13,"3":4,"4":6,"5":3,"6":2,"7":11,"8":15},"b":{"0":[1,3],"1":[0,6],"2":[1,12],"3":[1,3],"4":[0,6],"5":[0,2],"6":[2,9],"7":[0,15],"8":[1]}}
,"C:\\Users\\russ\\Projects\\color2color\\src\\converters\\index.ts": {"path":"C:\\Users\\russ\\Projects\\color2color\\src\\converters\\index.ts","statementMap":{"0":{"start":{"line":1,"column":0},"end":{"line":1,"column":22}},"1":{"start":{"line":2,"column":0},"end":{"line":2,"column":22}},"2":{"start":{"line":3,"column":0},"end":{"line":3,"column":22}},"3":{"start":{"line":4,"column":0},"end":{"line":4,"column":22}},"4":{"start":{"line":5,"column":0},"end":{"line":5,"column":22}},"5":{"start":{"line":6,"column":0},"end":{"line":6,"column":22}}},"fnMap":{},"branchMap":{},"s":{"0":2,"1":2,"2":2,"3":2,"4":2,"5":2},"f":{},"b":{}}
,"C:\\Users\\russ\\Projects\\color2color\\src\\converters\\rgb.ts": {"path":"C:\\Users\\russ\\Projects\\color2color\\src\\converters\\rgb.ts","statementMap":{"0":{"start":{"line":9,"column":0},"end":{"line":9,"column":null}},"1":{"start":{"line":24,"column":24},"end":{"line":29,"column":21}},"2":{"start":{"line":24,"column":27},"end":{"line":24,"column":29}},"3":{"start":{"line":24,"column":30},"end":{"line":24,"column":32}},"4":{"start":{"line":24,"column":33},"end":{"line":24,"column":35}},"5":{"start":{"line":24,"column":35},"end":{"line":24,"column":36}},"6":{"start":{"line":24,"column":36},"end":{"line":24,"column":null}},"7":{"start":{"line":29,"column":12},"end":{"line":29,"column":36}},"8":{"start":{"line":24,"column":13},"end":{"line":24,"column":24}},"9":{"start":{"line":40,"column":25},"end":{"line":45,"column":21}},"10":{"start":{"line":40,"column":28},"end":{"line":40,"column":30}},"11":{"start":{"line":40,"column":31},"end":{"line":40,"column":33}},"12":{"start":{"line":40,"column":34},"end":{"line":40,"column":36}},"13":{"start":{"line":40,"column":36},"end":{"line":40,"column":37}},"14":{"start":{"line":40,"column":37},"end":{"line":40,"column":null}},"15":{"start":{"line":45,"column":12},"end":{"line":45,"column":36}},"16":{"start":{"line":40,"column":13},"end":{"line":40,"column":25}},"17":{"start":{"line":55,"column":24},"end":{"line":64,"column":1}},"18":{"start":{"line":55,"column":27},"end":{"line":55,"column":29}},"19":{"start":{"line":55,"column":30},"end":{"line":55,"column":32}},"20":{"start":{"line":55,"column":33},"end":{"line":55,"column":60}},"21":{"start":{"line":56,"column":14},"end":{"line":56,"column":33}},"22":{"start":{"line":57,"column":20},"end":{"line":57,"column":65}},"23":{"start":{"line":59,"column":1},"end":{"line":63,"column":3}},"24":{"start":{"line":55,"column":13},"end":{"line":55,"column":24}},"25":{"start":{"line":74,"column":24},"end":{"line":79,"column":21}},"26":{"start":{"line":74,"column":27},"end":{"line":74,"column":29}},"27":{"start":{"line":74,"column":30},"end":{"line":74,"column":32}},"28":{"start":{"line":74,"column":33},"end":{"line":74,"column":35}},"29":{"start":{"line":74,"column":35},"end":{"line":74,"column":36}},"30":{"start":{"line":74,"column":36},"end":{"line":74,"column":null}},"31":{"start":{"line":79,"column":12},"end":{"line":79,"column":36}},"32":{"start":{"line":74,"column":13},"end":{"line":74,"column":24}},"33":{"start":{"line":89,"column":25},"end":{"line":130,"column":1}},"34":{"start":{"line":89,"column":28},"end":{"line":89,"column":30}},"35":{"start":{"line":89,"column":31},"end":{"line":89,"column":33}},"36":{"start":{"line":89,"column":34},"end":{"line":89,"column":36}},"37":{"start":{"line":89,"column":36},"end":{"line":89,"column":37}},"38":{"start":{"line":89,"column":37},"end":{"line":89,"column":null}},"39":{"start":{"line":95,"column":18},"end":{"line":95,"column":35}},"40":{"start":{"line":96,"column":18},"end":{"line":96,"column":35}},"41":{"start":{"line":97,"column":23},"end":{"line":97,"column":42}},"42":{"start":{"line":98,"column":19},"end":{"line":98,"column":44}},"43":{"start":{"line":100,"column":11},"end":{"line":100,"column":12}},"44":{"start":{"line":101,"column":18},"end":{"line":101,"column":19}},"45":{"start":{"line":103,"column":1},"end":{"line":122,"column":null}},"46":{"start":{"line":104,"column":2},"end":{"line":107,"column":66}},"47":{"start":{"line":109,"column":2},"end":{"line":119,"column":null}},"48":{"start":{"line":111,"column":4},"end":{"line":111,"column":52}},"49":{"start":{"line":112,"column":4},"end":{"line":112,"column":10}},"50":{"start":{"line":114,"column":4},"end":{"line":114,"column":38}},"51":{"start":{"line":115,"column":4},"end":{"line":115,"column":10}},"52":{"start":{"line":117,"column":4},"end":{"line":117,"column":38}},"53":{"start":{"line":118,"column":4},"end":{"line":118,"column":10}},"54":{"start":{"line":121,"column":2},"end":{"line":121,"column":12}},"55":{"start":{"line":124,"column":1},"end":{"line":129,"column":3}},"56":{"start":{"line":89,"column":13},"end":{"line":89,"column":25}},"57":{"start":{"line":140,"column":24},"end":{"line":148,"column":1}},"58":{"start":{"line":140,"column":27},"end":{"line":140,"column":29}},"59":{"start":{"line":140,"column":30},"end":{"line":140,"column":32}},"60":{"start":{"line":140,"column":33},"end":{"line":140,"column":60}},"61":{"start":{"line":141,"column":13},"end":{"line":141,"column":32}},"62":{"start":{"line":143,"column":1},"end":{"line":147,"column":3}},"63":{"start":{"line":140,"column":13},"end":{"line":140,"column":24}},"64":{"start":{"line":158,"column":24},"end":{"line":174,"column":1}},"65":{"start":{"line":158,"column":27},"end":{"line":158,"column":29}},"66":{"start":{"line":158,"column":30},"end":{"line":158,"column":32}},"67":{"start":{"line":158,"column":33},"end":{"line":158,"column":35}},"68":{"start":{"line":158,"column":35},"end":{"line":158,"column":36}},"69":{"start":{"line":158,"column":36},"end":{"line":158,"column":null}},"70":{"start":{"line":164,"column":14},"end":{"line":164,"column":36}},"71":{"start":{"line":165,"column":15},"end":{"line":165,"column":32}},"72":{"start":{"line":166,"column":15},"end":{"line":166,"column":36}},"73":{"start":{"line":168,"column":1},"end":{"line":173,"column":3}},"74":{"start":{"line":158,"column":13},"end":{"line":158,"column":24}},"75":{"start":{"line":184,"column":24},"end":{"line":189,"column":21}},"76":{"start":{"line":184,"column":27},"end":{"line":184,"column":29}},"77":{"start":{"line":184,"column":30},"end":{"line":184,"column":32}},"78":{"start":{"line":184,"column":33},"end":{"line":184,"column":35}},"79":{"start":{"line":184,"column":35},"end":{"line":184,"column":36}},"80":{"start":{"line":184,"column":36},"end":{"line":184,"column":null}},"81":{"start":{"line":189,"column":12},"end":{"line":189,"column":36}},"82":{"start":{"line":184,"column":13},"end":{"line":184,"column":24}},"83":{"start":{"line":199,"column":25},"end":{"line":204,"column":13}},"84":{"start":{"line":199,"column":28},"end":{"line":199,"column":30}},"85":{"start":{"line":199,"column":31},"end":{"line":199,"column":33}},"86":{"start":{"line":199,"column":34},"end":{"line":199,"column":36}},"87":{"start":{"line":199,"column":36},"end":{"line":199,"column":37}},"88":{"start":{"line":199,"column":37},"end":{"line":199,"column":null}},"89":{"start":{"line":204,"column":12},"end":{"line":209,"column":3}},"90":{"start":{"line":199,"column":13},"end":{"line":199,"column":25}}},"fnMap":{"0":{"name":"(anonymous_0)","decl":{"start":{"line":24,"column":24},"end":{"line":24,"column":25}},"loc":{"start":{"line":29,"column":1},"end":{"line":29,"column":21}}},"1":{"name":"(anonymous_1)","decl":{"start":{"line":40,"column":25},"end":{"line":40,"column":26}},"loc":{"start":{"line":45,"column":1},"end":{"line":45,"column":21}}},"2":{"name":"(anonymous_2)","decl":{"start":{"line":55,"column":24},"end":{"line":55,"column":25}},"loc":{"start":{"line":55,"column":60},"end":{"line":64,"column":1}}},"3":{"name":"(anonymous_3)","decl":{"start":{"line":74,"column":24},"end":{"line":74,"column":25}},"loc":{"start":{"line":79,"column":1},"end":{"line":79,"column":21}}},"4":{"name":"(anonymous_4)","decl":{"start":{"line":89,"column":25},"end":{"line":89,"column":26}},"loc":{"start":{"line":94,"column":1},"end":{"line":130,"column":1}}},"5":{"name":"(anonymous_5)","decl":{"start":{"line":140,"column":24},"end":{"line":140,"column":25}},"loc":{"start":{"line":140,"column":60},"end":{"line":148,"column":1}}},"6":{"name":"(anonymous_6)","decl":{"start":{"line":158,"column":24},"end":{"line":158,"column":25}},"loc":{"start":{"line":163,"column":1},"end":{"line":174,"column":1}}},"7":{"name":"(anonymous_7)","decl":{"start":{"line":184,"column":24},"end":{"line":184,"column":25}},"loc":{"start":{"line":189,"column":1},"end":{"line":189,"column":21}}},"8":{"name":"(anonymous_8)","decl":{"start":{"line":199,"column":25},"end":{"line":199,"column":26}},"loc":{"start":{"line":204,"column":1},"end":{"line":204,"column":13}}}},"branchMap":{"0":{"loc":{"start":{"line":24,"column":36},"end":{"line":24,"column":null}},"type":"cond-expr","locations":[{"start":{"line":24,"column":39},"end":{"line":24,"column":53}},{"start":{"line":24,"column":53},"end":{"line":24,"column":null}}]},"1":{"loc":{"start":{"line":40,"column":37},"end":{"line":40,"column":null}},"type":"cond-expr","locations":[{"start":{"line":40,"column":40},"end":{"line":40,"column":54}},{"start":{"line":40,"column":54},"end":{"line":40,"column":null}}]},"2":{"loc":{"start":{"line":57,"column":30},"end":{"line":57,"column":64}},"type":"cond-expr","locations":[{"start":{"line":57,"column":45},"end":{"line":57,"column":51}},{"start":{"line":57,"column":54},"end":{"line":57,"column":64}}]},"3":{"loc":{"start":{"line":74,"column":36},"end":{"line":74,"column":null}},"type":"cond-expr","locations":[{"start":{"line":74,"column":39},"end":{"line":74,"column":53}},{"start":{"line":74,"column":53},"end":{"line":74,"column":null}}]},"4":{"loc":{"start":{"line":89,"column":37},"end":{"line":89,"column":null}},"type":"cond-expr","locations":[{"start":{"line":89,"column":40},"end":{"line":89,"column":54}},{"start":{"line":89,"column":54},"end":{"line":89,"column":null}}]},"5":{"loc":{"start":{"line":103,"column":1},"end":{"line":122,"column":null}},"type":"if","locations":[{"start":{"line":103,"column":1},"end":{"line":122,"column":null}}]},"6":{"loc":{"start":{"line":105,"column":3},"end":{"line":107,"column":65}},"type":"cond-expr","locations":[{"start":{"line":106,"column":6},"end":{"line":106,"column":7}},{"start":{"line":107,"column":6},"end":{"line":107,"column":65}}]},"7":{"loc":{"start":{"line":105,"column":3},"end":{"line":105,"column":37}},"type":"binary-expr","locations":[{"start":{"line":105,"column":3},"end":{"line":105,"column":18}},{"start":{"line":105,"column":22},"end":{"line":105,"column":37}}]},"8":{"loc":{"start":{"line":109,"column":2},"end":{"line":119,"column":null}},"type":"switch","locations":[{"start":{"line":110,"column":3},"end":{"line":112,"column":10}},{"start":{"line":113,"column":3},"end":{"line":115,"column":10}},{"start":{"line":116,"column":3},"end":{"line":118,"column":10}}]},"9":{"loc":{"start":{"line":111,"column":37},"end":{"line":111,"column":50}},"type":"cond-expr","locations":[{"start":{"line":111,"column":45},"end":{"line":111,"column":46}},{"start":{"line":111,"column":49},"end":{"line":111,"column":50}}]},"10":{"loc":{"start":{"line":158,"column":36},"end":{"line":158,"column":null}},"type":"cond-expr","locations":[{"start":{"line":158,"column":39},"end":{"line":158,"column":53}},{"start":{"line":158,"column":53},"end":{"line":158,"column":null}}]},"11":{"loc":{"start":{"line":184,"column":36},"end":{"line":184,"column":null}},"type":"cond-expr","locations":[{"start":{"line":184,"column":39},"end":{"line":184,"column":53}},{"start":{"line":184,"column":53},"end":{"line":184,"column":null}}]},"12":{"loc":{"start":{"line":199,"column":37},"end":{"line":199,"column":null}},"type":"cond-expr","locations":[{"start":{"line":199,"column":40},"end":{"line":199,"column":54}},{"start":{"line":199,"column":54},"end":{"line":199,"column":null}}]}},"s":{"0":4,"1":4,"2":4,"3":4,"4":4,"5":4,"6":4,"7":4,"8":4,"9":4,"10":6,"11":6,"12":6,"13":6,"14":6,"15":6,"16":4,"17":4,"18":22,"19":22,"20":22,"21":22,"22":22,"23":22,"24":4,"25":4,"26":58,"27":58,"28":58,"29":58,"30":58,"31":58,"32":4,"33":4,"34":60,"35":60,"36":60,"37":60,"38":60,"39":60,"40":60,"41":60,"42":60,"43":60,"44":60,"45":60,"46":60,"47":60,"48":2,"49":2,"50":9,"51":9,"52":49,"53":49,"54":60,"55":60,"56":4,"57":4,"58":11,"59":11,"60":11,"61":11,"62":11,"63":4,"64":4,"65":15,"66":15,"67":15,"68":15,"69":15,"70":15,"71":15,"72":15,"73":15,"74":4,"75":4,"76":2,"77":2,"78":2,"79":2,"80":2,"81":2,"82":4,"83":4,"84":12,"85":12,"86":12,"87":12,"88":12,"89":12,"90":4},"f":{"0":4,"1":6,"2":22,"3":58,"4":60,"5":11,"6":15,"7":2,"8":12},"b":{"0":[1,3],"1":[0,6],"2":[4,18],"3":[24,34],"4":[0,60],"5":[60],"6":[0,60],"7":[60,60],"8":[2,9,49],"9":[1,1],"10":[2,13],"11":[0,2],"12":[0,12]}}
}
