TN:
SF:src\colorcolor.ts
FN:33,(anonymous_1)
FN:96,(anonymous_2)
FNF:2
FNH:2
FNDA:130,(anonymous_1)
FNDA:130,(anonymous_2)
DA:7,1
DA:8,1
DA:20,1
DA:33,1
DA:35,143
DA:37,130
DA:38,130
DA:41,130
DA:43,130
DA:45,13
DA:46,13
DA:47,13
DA:49,13
DA:50,13
DA:51,13
DA:53,13
DA:54,13
DA:55,13
DA:57,13
DA:58,13
DA:59,13
DA:61,13
DA:62,13
DA:63,13
DA:65,13
DA:66,13
DA:67,13
DA:69,13
DA:70,13
DA:71,13
DA:73,13
DA:74,13
DA:75,13
DA:77,26
DA:78,26
DA:79,26
DA:82,130
DA:96,1
DA:98,130
DA:100,130
DA:102,130
DA:104,130
DA:107,130
DA:108,10
DA:111,130
DA:113,130
DA:114,1430
DA:115,1430
DA:116,1430
DA:117,1430
DA:119,1430
DA:121,130
DA:123,130
DA:130,130
DA:135,130
DA:141,130
LF:56
LH:56
BRDA:35,0,0,13
BRDA:37,1,0,130
BRDA:37,1,1,0
BRDA:43,2,0,13
BRDA:43,2,1,13
BRDA:43,2,2,13
BRDA:43,2,3,13
BRDA:43,2,4,13
BRDA:43,2,5,13
BRDA:43,2,6,13
BRDA:43,2,7,13
BRDA:43,2,8,26
BRDA:98,3,0,0
BRDA:107,4,0,10
BRDA:114,5,0,1430
BRDA:119,6,0,130
BRDA:123,7,0,130
BRDA:124,8,0,130
BRDA:124,8,1,130
BRF:19
BRH:17
end_of_record
TN:
SF:src\colors.ts
FN:92,(anonymous_0)
FN:107,(anonymous_1)
FNF:2
FNH:2
FNDA:1,(anonymous_0)
FNDA:1,(anonymous_1)
DA:92,1
DA:93,1
DA:94,1
DA:95,1
DA:96,1
DA:97,1
DA:98,1
DA:99,1
DA:100,1
DA:101,1
DA:107,1
DA:108,1
DA:109,1
LF:13
LH:13
BRDA:92,0,0,1
BRDA:92,0,1,1
BRDA:107,1,0,1
BRDA:107,1,1,1
BRF:4
BRH:4
end_of_record
TN:
SF:src\detectors.ts
FN:37,(anonymous_6)
FN:40,(anonymous_7)
FN:47,(anonymous_8)
FN:79,(anonymous_9)
FN:100,(anonymous_10)
FN:127,(anonymous_11)
FN:148,(anonymous_12)
FN:176,(anonymous_13)
FN:181,(anonymous_14)
FN:205,(anonymous_15)
FN:211,(anonymous_16)
FN:235,(anonymous_17)
FN:241,(anonymous_18)
FN:269,(anonymous_19)
FN:274,(anonymous_20)
FN:298,(anonymous_21)
FN:304,(anonymous_22)
FN:335,(anonymous_23)
FN:337,(anonymous_24)
FN:342,(anonymous_25)
FN:366,(anonymous_26)
FN:368,(anonymous_27)
FN:373,(anonymous_28)
FNF:23
FNH:23
FNDA:368,(anonymous_6)
FNDA:27,(anonymous_7)
FNDA:40,(anonymous_8)
FNDA:21,(anonymous_9)
FNDA:11,(anonymous_10)
FNDA:11,(anonymous_11)
FNDA:11,(anonymous_12)
FNDA:14,(anonymous_13)
FNDA:13,(anonymous_14)
FNDA:14,(anonymous_15)
FNDA:14,(anonymous_16)
FNDA:14,(anonymous_17)
FNDA:14,(anonymous_18)
FNDA:14,(anonymous_19)
FNDA:13,(anonymous_20)
FNDA:14,(anonymous_21)
FNDA:26,(anonymous_22)
FNDA:15,(anonymous_23)
FNDA:60,(anonymous_24)
FNDA:60,(anonymous_25)
FNDA:15,(anonymous_26)
FNDA:75,(anonymous_27)
FNDA:75,(anonymous_28)
DA:9,2
DA:10,2
DA:37,2
DA:38,368
DA:40,27
DA:47,40
DA:65,2
DA:79,21
DA:100,11
DA:127,11
DA:148,11
DA:176,14
DA:181,13
DA:205,14
DA:211,14
DA:235,14
DA:241,14
DA:269,14
DA:274,13
DA:298,14
DA:304,26
DA:336,15
DA:338,60
DA:342,60
DA:344,15
DA:367,15
DA:369,75
DA:373,75
DA:375,15
LF:29
LH:29
BRDA:250,0,0,3
BRDA:250,0,1,11
BRDA:312,1,0,13
BRDA:312,1,1,13
BRDA:314,2,0,2
BRDA:314,2,1,11
BRDA:338,3,0,33
BRDA:338,3,1,27
BRDA:369,4,0,34
BRDA:369,4,1,41
BRDA:380,5,0,14
BRDA:380,5,1,1
BRF:12
BRH:12
end_of_record
TN:
SF:src\utilities.ts
FN:81,(anonymous_0)
FN:95,(anonymous_1)
FN:107,(anonymous_2)
FN:119,(anonymous_3)
FN:131,(anonymous_4)
FN:142,(anonymous_5)
FN:155,(anonymous_6)
FN:178,(anonymous_7)
FN:191,(anonymous_8)
FN:205,(anonymous_9)
FN:246,(anonymous_10)
FNF:11
FNH:11
FNDA:4,(anonymous_0)
FNDA:549,(anonymous_1)
FNDA:83,(anonymous_2)
FNDA:168,(anonymous_3)
FNDA:292,(anonymous_4)
FNDA:186,(anonymous_5)
FNDA:128,(anonymous_6)
FNDA:441,(anonymous_7)
FNDA:112,(anonymous_8)
FNDA:232,(anonymous_9)
FNDA:323,(anonymous_10)
DA:8,9
DA:9,9
DA:10,9
DA:11,9
DA:12,9
DA:13,9
DA:14,9
DA:17,9
DA:20,9
DA:23,9
DA:26,9
DA:29,9
DA:32,9
DA:35,9
DA:38,9
DA:41,9
DA:44,9
DA:47,9
DA:50,9
DA:53,9
DA:56,9
DA:59,9
DA:62,9
DA:65,9
DA:68,9
DA:71,9
DA:81,9
DA:82,4
DA:95,9
DA:96,549
DA:107,9
DA:108,83
DA:119,9
DA:120,168
DA:131,9
DA:132,292
DA:142,186
DA:155,9
DA:161,128
DA:162,128
DA:164,128
DA:178,9
DA:180,443
DA:181,441
DA:191,9
DA:192,112
DA:205,9
DA:206,232
DA:207,232
DA:209,232
DA:210,232
DA:211,232
DA:213,232
DA:215,198
DA:216,198
DA:218,3
DA:219,3
DA:221,9
DA:222,9
DA:224,22
DA:225,22
DA:230,232
DA:231,15
DA:234,232
DA:246,9
DA:247,323
LF:66
LH:66
BRDA:180,0,0,2
BRDA:209,1,0,232
BRDA:209,2,0,232
BRDA:209,2,1,232
BRDA:211,3,0,38
BRDA:211,3,1,194
BRDA:211,4,0,232
BRDA:211,4,1,232
BRDA:211,5,0,194
BRDA:211,5,1,38
BRDA:211,6,0,232
BRDA:211,6,1,232
BRDA:213,7,0,198
BRDA:213,7,1,3
BRDA:213,7,2,9
BRDA:213,7,3,22
BRF:16
BRH:16
end_of_record
TN:
SF:src\converters\hex.ts
FN:21,(anonymous_0)
FN:37,(anonymous_1)
FN:57,(anonymous_2)
FN:69,(anonymous_3)
FN:85,(anonymous_4)
FN:100,(anonymous_5)
FN:112,(anonymous_6)
FN:127,(anonymous_7)
FN:142,(anonymous_8)
FNF:9
FNH:9
FNDA:7,(anonymous_0)
FNDA:12,(anonymous_1)
FNDA:7,(anonymous_2)
FNDA:9,(anonymous_3)
FNDA:14,(anonymous_4)
FNDA:7,(anonymous_5)
FNDA:9,(anonymous_6)
FNDA:6,(anonymous_7)
FNDA:16,(anonymous_8)
DA:8,3
DA:9,3
DA:21,7
DA:26,7
DA:37,12
DA:42,12
DA:57,7
DA:58,7
DA:69,9
DA:74,9
DA:85,14
DA:90,14
DA:100,7
DA:101,7
DA:112,9
DA:117,9
DA:127,6
DA:132,6
DA:142,16
DA:147,16
LF:20
LH:20
BRDA:21,0,0,1
BRDA:21,0,1,6
BRDA:37,1,0,0
BRDA:37,1,1,12
BRDA:69,2,0,2
BRDA:69,2,1,7
BRDA:85,3,0,0
BRDA:85,3,1,14
BRDA:112,4,0,2
BRDA:112,4,1,7
BRDA:127,5,0,1
BRDA:127,5,1,5
BRDA:142,6,0,0
BRDA:142,6,1,16
BRF:14
BRH:11
end_of_record
TN:
SF:src\converters\hsb.ts
FN:25,(anonymous_0)
FN:36,(anonymous_1)
FN:47,(anonymous_2)
FN:65,(anonymous_3)
FN:76,(anonymous_4)
FN:108,(anonymous_5)
FN:122,(anonymous_6)
FN:136,(anonymous_7)
FN:147,(anonymous_8)
FNF:9
FNH:9
FNDA:5,(anonymous_0)
FNDA:6,(anonymous_1)
FNDA:2,(anonymous_2)
FNDA:31,(anonymous_3)
FNDA:32,(anonymous_4)
FNDA:2,(anonymous_5)
FNDA:4,(anonymous_6)
FNDA:12,(anonymous_7)
FNDA:14,(anonymous_8)
DA:9,5
DA:10,5
DA:25,5
DA:26,5
DA:36,6
DA:37,6
DA:47,5
DA:48,2
DA:50,2
DA:65,31
DA:66,31
DA:76,32
DA:77,32
DA:78,32
DA:79,32
DA:86,32
DA:87,32
DA:88,1
DA:89,31
DA:90,24
DA:92,7
DA:95,32
DA:97,32
DA:108,5
DA:122,5
DA:123,4
DA:125,4
DA:136,12
DA:137,12
DA:147,14
DA:148,14
DA:150,14
LF:32
LH:32
BRDA:86,0,0,32
BRDA:87,1,0,1
BRDA:87,1,1,31
BRDA:89,2,0,24
BRDA:89,2,1,7
BRF:5
BRH:5
end_of_record
TN:
SF:src\converters\hsl.ts
FN:26,(anonymous_0)
FN:41,(anonymous_1)
FN:56,(anonymous_2)
FN:75,(anonymous_3)
FN:90,(anonymous_4)
FN:110,(anonymous_5)
FN:128,(anonymous_6)
FN:155,(anonymous_7)
FN:170,(anonymous_8)
FNF:9
FNH:9
FNDA:4,(anonymous_0)
FNDA:6,(anonymous_1)
FNDA:14,(anonymous_2)
FNDA:2,(anonymous_3)
FNDA:4,(anonymous_4)
FNDA:3,(anonymous_5)
FNDA:8,(anonymous_6)
FNDA:39,(anonymous_7)
FNDA:43,(anonymous_8)
DA:9,6
DA:26,6
DA:31,4
DA:41,6
DA:46,6
DA:56,14
DA:57,14
DA:58,14
DA:60,14
DA:75,6
DA:80,2
DA:90,6
DA:95,4
DA:110,6
DA:111,3
DA:113,3
DA:128,8
DA:134,8
DA:135,8
DA:136,8
DA:137,8
DA:139,8
DA:155,39
DA:160,39
DA:170,43
DA:176,43
DA:177,43
DA:178,43
DA:179,43
DA:186,43
DA:187,1
DA:188,1
DA:189,1
DA:191,42
DA:192,42
DA:193,42
DA:196,43
LF:37
LH:37
BRDA:26,0,0,1
BRDA:26,0,1,3
BRDA:41,1,0,0
BRDA:41,1,1,6
BRDA:58,2,0,14
BRDA:58,2,1,0
BRDA:75,3,0,0
BRDA:75,3,1,2
BRDA:90,4,0,0
BRDA:90,4,1,4
BRDA:128,5,0,1
BRDA:128,5,1,7
BRDA:155,6,0,1
BRDA:155,6,1,38
BRDA:170,7,0,0
BRDA:170,7,1,43
BRDA:177,8,0,35
BRDA:177,8,1,8
BRDA:178,9,0,0
BRDA:178,9,1,43
BRDA:186,10,0,1
BRDA:186,10,1,42
BRF:22
BRH:16
end_of_record
TN:
SF:src\converters\hsv.ts
FN:20,(anonymous_0)
FN:31,(anonymous_1)
FN:42,(anonymous_2)
FN:56,(anonymous_3)
FN:67,(anonymous_4)
FN:78,(anonymous_5)
FN:92,(anonymous_6)
FN:103,(anonymous_7)
FN:114,(anonymous_8)
FNF:9
FNH:9
FNDA:2,(anonymous_0)
FNDA:3,(anonymous_1)
FNDA:2,(anonymous_2)
FNDA:2,(anonymous_3)
FNDA:3,(anonymous_4)
FNDA:1,(anonymous_5)
FNDA:2,(anonymous_6)
FNDA:2,(anonymous_7)
FNDA:4,(anonymous_8)
DA:9,3
DA:10,3
DA:20,3
DA:21,2
DA:31,3
DA:32,3
DA:42,3
DA:56,3
DA:57,2
DA:67,3
DA:68,3
DA:78,3
DA:92,3
DA:93,2
DA:103,3
DA:104,2
DA:114,4
DA:115,4
LF:18
LH:18
BRF:0
BRH:0
end_of_record
TN:
SF:src\converters\hwb.ts
FN:26,(anonymous_2)
FN:41,(anonymous_3)
FN:56,(anonymous_4)
FN:74,(anonymous_5)
FN:89,(anonymous_6)
FN:112,(anonymous_7)
FN:130,(anonymous_8)
FN:150,(anonymous_9)
FN:165,(anonymous_10)
FNF:9
FNH:9
FNDA:4,(anonymous_2)
FNDA:6,(anonymous_3)
FNDA:13,(anonymous_4)
FNDA:4,(anonymous_5)
FNDA:6,(anonymous_6)
FNDA:3,(anonymous_7)
FNDA:2,(anonymous_8)
FNDA:11,(anonymous_9)
FNDA:15,(anonymous_10)
DA:9,3
DA:10,3
DA:11,3
DA:26,4
DA:31,4
DA:41,6
DA:46,6
DA:56,13
DA:57,13
DA:59,13
DA:74,4
DA:79,4
DA:89,6
DA:95,6
DA:96,6
DA:98,6
DA:112,3
DA:113,3
DA:115,3
DA:130,3
DA:135,2
DA:150,11
DA:155,11
DA:165,15
DA:171,15
DA:172,15
DA:178,15
DA:179,15
DA:181,15
DA:182,1
DA:183,1
DA:186,15
DA:187,15
DA:188,15
DA:190,15
LF:35
LH:35
BRDA:26,0,0,1
BRDA:26,0,1,3
BRDA:41,1,0,0
BRDA:41,1,1,6
BRDA:61,2,0,1
BRDA:61,2,1,12
BRDA:74,3,0,1
BRDA:74,3,1,3
BRDA:89,4,0,0
BRDA:89,4,1,6
BRDA:130,5,0,0
BRDA:130,5,1,2
BRDA:150,6,0,2
BRDA:150,6,1,9
BRDA:165,7,0,0
BRDA:165,7,1,15
BRDA:181,8,0,1
BRF:17
BRH:13
end_of_record
TN:
SF:src\converters\index.ts
FNF:0
FNH:0
DA:1,2
DA:2,2
DA:3,2
DA:4,2
DA:5,2
DA:6,2
LF:6
LH:6
BRF:0
BRH:0
end_of_record
TN:
SF:src\converters\rgb.ts
FN:24,(anonymous_0)
FN:40,(anonymous_1)
FN:55,(anonymous_2)
FN:74,(anonymous_3)
FN:89,(anonymous_4)
FN:140,(anonymous_5)
FN:158,(anonymous_6)
FN:184,(anonymous_7)
FN:199,(anonymous_8)
FNF:9
FNH:9
FNDA:4,(anonymous_0)
FNDA:6,(anonymous_1)
FNDA:22,(anonymous_2)
FNDA:58,(anonymous_3)
FNDA:60,(anonymous_4)
FNDA:11,(anonymous_5)
FNDA:15,(anonymous_6)
FNDA:2,(anonymous_7)
FNDA:12,(anonymous_8)
DA:9,4
DA:24,4
DA:29,4
DA:40,6
DA:45,6
DA:55,22
DA:56,22
DA:57,22
DA:59,22
DA:74,58
DA:79,58
DA:89,60
DA:95,60
DA:96,60
DA:97,60
DA:98,60
DA:100,60
DA:101,60
DA:103,60
DA:104,60
DA:109,60
DA:111,2
DA:112,2
DA:114,9
DA:115,9
DA:117,49
DA:118,49
DA:121,60
DA:124,60
DA:140,11
DA:141,11
DA:143,11
DA:158,15
DA:164,15
DA:165,15
DA:166,15
DA:168,15
DA:184,4
DA:189,2
DA:199,12
DA:204,12
LF:41
LH:41
BRDA:24,0,0,1
BRDA:24,0,1,3
BRDA:40,1,0,0
BRDA:40,1,1,6
BRDA:57,2,0,4
BRDA:57,2,1,18
BRDA:74,3,0,24
BRDA:74,3,1,34
BRDA:89,4,0,0
BRDA:89,4,1,60
BRDA:103,5,0,60
BRDA:105,6,0,0
BRDA:105,6,1,60
BRDA:105,7,0,60
BRDA:105,7,1,60
BRDA:109,8,0,2
BRDA:109,8,1,9
BRDA:109,8,2,49
BRDA:111,9,0,1
BRDA:111,9,1,1
BRDA:158,10,0,2
BRDA:158,10,1,13
BRDA:184,11,0,0
BRDA:184,11,1,2
BRDA:199,12,0,0
BRDA:199,12,1,12
BRF:26
BRH:21
end_of_record
